TN:
SF:apps/api-server/src/__test-utils__/getValidateDTO.ts
FN:4,Object.<anonymous>.exports.default
FNF:1
FNH:1
FNDA:5,Object.<anonymous>.exports.default
DA:1,1
DA:2,1
DA:3,1
DA:4,1
DA:5,5
DA:6,18
DA:7,18
DA:8,18
DA:9,18
DA:10,18
DA:11,18
LF:11
LH:11
BRDA:4,0,0,5
BRDA:5,1,0,18
BRDA:10,2,0,43
BRF:3
BRH:3
end_of_record
TN:
SF:apps/api-server/src/__test-utils__/test-module.ts
FN:32,useFactory
FN:52,useFactory
FNF:2
FNH:2
FNDA:3,useFactory
FNDA:3,useFactory
DA:1,1
DA:2,1
DA:3,1
DA:4,1
DA:5,1
DA:6,1
DA:7,1
DA:8,1
DA:9,1
DA:10,1
DA:11,1
DA:12,1
DA:13,1
DA:14,1
DA:15,1
DA:16,1
DA:17,1
DA:18,1
DA:19,1
DA:20,1
DA:21,1
DA:22,1
DA:23,1
DA:24,1
DA:25,1
DA:26,1
DA:27,1
DA:28,1
DA:29,1
DA:30,1
DA:31,1
DA:32,1
DA:33,3
DA:34,3
DA:35,3
DA:36,3
DA:37,3
DA:38,3
DA:39,3
DA:40,3
DA:41,3
DA:42,3
DA:43,3
DA:44,1
DA:45,1
DA:46,1
DA:47,1
DA:48,1
DA:49,1
DA:50,1
DA:51,1
DA:52,1
DA:53,3
DA:54,1
DA:55,1
DA:56,1
DA:57,1
DA:58,1
DA:59,1
DA:60,1
DA:61,1
DA:62,1
DA:63,1
DA:64,1
DA:65,1
DA:66,1
DA:67,1
DA:68,1
DA:69,1
DA:70,1
DA:71,1
DA:72,1
DA:73,1
DA:74,1
DA:75,1
DA:76,1
DA:77,1
DA:78,1
DA:79,1
DA:80,1
DA:81,1
DA:82,1
DA:83,1
DA:84,1
DA:85,1
DA:86,1
LF:86
LH:86
BRDA:32,0,0,3
BRDA:52,1,0,3
BRF:2
BRH:2
end_of_record
TN:
SF:apps/api-server/src/browsing/application/query/Find.handler.ts
FN:10,<instance_members_initializer>
FN:11,FindHandler
FN:18,execute
FNF:3
FNH:3
FNDA:3,<instance_members_initializer>
FNDA:3,FindHandler
FNDA:2,execute
DA:1,1
DA:2,1
DA:3,1
DA:4,1
DA:5,1
DA:6,1
DA:7,1
DA:8,1
DA:9,1
DA:10,1
DA:11,3
DA:12,3
DA:13,3
DA:14,3
DA:15,3
DA:16,3
DA:17,3
DA:18,3
DA:19,2
DA:20,2
DA:21,2
DA:22,2
DA:23,2
DA:24,2
DA:25,2
DA:26,2
DA:27,2
DA:28,2
DA:29,2
DA:30,2
DA:31,2
DA:32,2
DA:33,2
DA:34,2
DA:35,2
DA:36,2
DA:37,2
DA:38,3
LF:38
LH:38
BRDA:10,0,0,3
BRDA:11,1,0,3
BRDA:18,2,0,2
BRF:3
BRH:3
end_of_record
TN:
SF:apps/api-server/src/browsing/application/query/Find.query.ts
FN:2,FindQuery
FNF:1
FNH:1
FNDA:3,FindQuery
DA:1,1
DA:2,1
DA:3,1
LF:3
LH:3
BRDA:2,0,0,3
BRF:1
BRH:1
end_of_record
TN:
SF:apps/api-server/src/browsing/application/query/index.ts
FN:1,get
FN:2,get
FNF:2
FNH:2
FNDA:3,get
FNDA:3,get
DA:1,1
DA:2,1
LF:2
LH:2
BRDA:1,0,0,3
BRDA:2,1,0,3
BRF:2
BRH:2
end_of_record
TN:
SF:apps/api-server/src/browsing/presentation/controllers/Main.controller.ts
FN:12,<instance_members_initializer>
FN:13,MainController
FN:19,read_main_products
FNF:3
FNH:3
FNDA:3,<instance_members_initializer>
FNDA:3,MainController
FNDA:2,read_main_products
DA:1,1
DA:2,1
DA:3,1
DA:4,1
DA:5,1
DA:6,1
DA:7,1
DA:8,1
DA:9,1
DA:10,1
DA:11,1
DA:12,1
DA:13,3
DA:14,3
DA:15,3
DA:16,3
DA:17,3
DA:18,3
DA:19,3
DA:20,2
DA:21,2
DA:22,2
DA:23,2
DA:24,2
DA:25,2
DA:26,2
DA:27,2
DA:28,2
DA:29,2
DA:30,3
LF:30
LH:30
BRDA:12,0,0,3
BRDA:13,1,0,3
BRDA:19,2,0,2
BRF:3
BRH:3
end_of_record
TN:
SF:apps/api-server/src/browsing/presentation/controllers/index.ts
FN:1,get
FNF:1
FNH:1
FNDA:3,get
DA:1,1
LF:1
LH:1
BRDA:1,0,0,3
BRF:1
BRH:1
end_of_record
TN:
SF:apps/api-server/src/browsing/presentation/dto/index.ts
FN:3,get
FN:4,get
FN:5,get
FNF:3
FNH:3
FNDA:3,get
FNDA:3,get
FNDA:3,get
DA:1,1
DA:2,1
DA:3,1
DA:4,1
DA:5,1
LF:5
LH:5
BRDA:3,0,0,3
BRDA:4,1,0,3
BRDA:5,2,0,3
BRF:3
BRH:3
end_of_record
TN:
SF:apps/api-server/src/category/application/query/FindAll.handler.ts
FN:11,<instance_members_initializer>
FN:12,FindAllHandler
FN:17,execute
FN:20,build_tree
FNF:4
FNH:4
FNDA:3,<instance_members_initializer>
FNDA:3,FindAllHandler
FNDA:8,execute
FNDA:20,build_tree
DA:1,1
DA:2,1
DA:3,1
DA:4,1
DA:5,1
DA:6,1
DA:7,1
DA:8,1
DA:9,1
DA:10,1
DA:11,1
DA:12,3
DA:13,3
DA:14,3
DA:15,3
DA:16,3
DA:17,3
DA:18,8
DA:19,8
DA:20,8
DA:21,20
DA:22,20
DA:23,20
DA:24,20
DA:25,20
DA:26,8
DA:27,8
DA:28,12
DA:29,12
DA:30,12
DA:31,12
DA:32,12
DA:33,12
DA:34,12
DA:35,12
DA:36,12
DA:37,12
DA:38,12
DA:39,12
DA:40,12
DA:41,12
DA:42,8
DA:43,8
DA:44,8
DA:45,8
DA:46,8
DA:47,8
DA:48,8
DA:49,8
DA:50,8
DA:51,3
LF:51
LH:51
BRDA:11,0,0,3
BRDA:12,1,0,3
BRDA:17,2,0,8
BRDA:20,3,0,20
BRDA:25,4,0,8
BRDA:28,5,0,12
BRDA:30,6,0,36
BRDA:30,7,0,24
BRDA:31,8,0,12
BRDA:37,9,0,6
BRF:10
BRH:10
end_of_record
TN:
SF:apps/api-server/src/category/application/query/FindAll.query.ts
FN:1,<instance_members_initializer>
FN:2,FindAllQuery
FNF:2
FNH:2
FNDA:3,<instance_members_initializer>
FNDA:3,FindAllQuery
DA:1,1
DA:2,3
DA:3,3
LF:3
LH:3
BRDA:1,0,0,3
BRDA:2,1,0,3
BRF:2
BRH:2
end_of_record
TN:
SF:apps/api-server/src/category/application/query/FindProducts.handler.ts
FN:11,<instance_members_initializer>
FN:12,FindProductsHandler
FN:19,execute
FNF:3
FNH:3
FNDA:3,<instance_members_initializer>
FNDA:3,FindProductsHandler
FNDA:4,execute
DA:1,1
DA:2,1
DA:3,1
DA:4,1
DA:5,1
DA:6,1
DA:7,1
DA:8,1
DA:9,1
DA:10,1
DA:11,1
DA:12,3
DA:13,3
DA:14,3
DA:15,3
DA:16,3
DA:17,3
DA:18,3
DA:19,3
DA:20,4
DA:21,4
DA:22,4
DA:23,4
DA:24,4
DA:25,4
DA:26,4
DA:27,4
DA:28,4
DA:29,4
DA:30,4
DA:31,4
DA:32,4
DA:33,4
DA:34,4
DA:35,0
DA:36,0
DA:37,0
DA:38,0
DA:39,0
DA:40,4
DA:41,2
DA:42,2
DA:43,4
DA:44,4
DA:45,4
DA:46,4
DA:47,4
DA:48,4
DA:49,4
DA:50,4
DA:51,4
DA:52,4
DA:53,4
DA:54,4
DA:55,4
DA:56,4
DA:57,4
DA:58,4
DA:59,4
DA:60,4
DA:61,4
DA:62,4
DA:63,4
DA:64,4
DA:65,4
DA:66,3
LF:66
LH:61
BRDA:11,0,0,3
BRDA:12,1,0,3
BRDA:19,2,0,4
BRDA:23,3,0,0
BRDA:34,4,0,0
BRDA:40,5,0,2
BRF:6
BRH:4
end_of_record
TN:
SF:apps/api-server/src/category/application/query/FindProducts.query.ts
FN:3,<instance_members_initializer>
FN:4,FindProductsQuery
FNF:2
FNH:2
FNDA:3,<instance_members_initializer>
FNDA:3,FindProductsQuery
DA:1,1
DA:2,1
DA:3,1
DA:4,3
DA:5,3
DA:6,3
DA:7,3
DA:8,3
LF:8
LH:8
BRDA:3,0,0,3
BRDA:4,1,0,3
BRF:2
BRH:2
end_of_record
TN:
SF:apps/api-server/src/category/application/query/index.ts
FN:1,get
FN:2,get
FN:3,get
FN:4,get
FNF:4
FNH:4
FNDA:3,get
FNDA:3,get
FNDA:3,get
FNDA:3,get
DA:1,1
DA:2,1
DA:3,1
DA:4,1
LF:4
LH:4
BRDA:1,0,0,3
BRDA:2,1,0,3
BRDA:3,2,0,3
BRDA:4,3,0,3
BRF:4
BRH:4
end_of_record
TN:
SF:apps/api-server/src/category/infrastructure/rdb/repositories/index.ts
FN:1,get
FNF:1
FNH:1
FNDA:3,get
DA:1,1
LF:1
LH:1
BRDA:1,0,0,3
BRF:1
BRH:1
end_of_record
TN:
SF:apps/api-server/src/category/infrastructure/rdb/repositories/provider.ts
FNF:0
FNH:0
DA:1,1
DA:2,1
DA:3,1
DA:4,1
LF:4
LH:4
BRF:0
BRH:0
end_of_record
TN:
SF:apps/api-server/src/category/presentation/controllers/Category.controller.ts
FN:25,<instance_members_initializer>
FN:26,CategoryController
FN:33,read_categories
FN:53,read_products
FNF:4
FNH:4
FNDA:3,<instance_members_initializer>
FNDA:3,CategoryController
FNDA:2,read_categories
FNDA:2,read_products
DA:1,1
DA:2,1
DA:3,1
DA:4,1
DA:5,1
DA:6,1
DA:7,1
DA:8,1
DA:9,1
DA:10,1
DA:11,1
DA:12,1
DA:13,1
DA:14,1
DA:15,1
DA:16,1
DA:17,1
DA:18,1
DA:19,1
DA:20,1
DA:21,1
DA:22,1
DA:23,1
DA:24,1
DA:25,1
DA:26,3
DA:27,3
DA:28,3
DA:29,3
DA:30,3
DA:31,3
DA:32,3
DA:33,3
DA:34,2
DA:35,2
DA:36,2
DA:37,2
DA:38,2
DA:39,2
DA:40,2
DA:41,2
DA:42,2
DA:43,2
DA:44,3
DA:45,3
DA:46,3
DA:47,3
DA:48,3
DA:49,3
DA:50,3
DA:51,3
DA:52,3
DA:53,3
DA:54,2
DA:55,2
DA:56,2
DA:57,2
DA:58,2
DA:59,2
DA:60,2
DA:61,2
DA:62,2
DA:63,2
DA:64,3
LF:64
LH:64
BRDA:25,0,0,3
BRDA:26,1,0,3
BRDA:33,2,0,2
BRDA:53,3,0,2
BRF:4
BRH:4
end_of_record
TN:
SF:apps/api-server/src/category/presentation/controllers/index.ts
FN:1,get
FNF:1
FNH:1
FNDA:3,get
DA:1,1
LF:1
LH:1
BRDA:1,0,0,3
BRF:1
BRH:1
end_of_record
TN:
SF:apps/api-server/src/category/presentation/dto/index.ts
FN:3,get
FN:4,get
FN:5,get
FN:6,get
FNF:4
FNH:4
FNDA:3,get
FNDA:3,get
FNDA:3,get
FNDA:3,get
DA:1,1
DA:2,1
DA:3,1
DA:4,1
DA:5,1
DA:6,1
LF:6
LH:6
BRDA:3,0,0,3
BRDA:4,1,0,3
BRDA:5,2,0,3
BRDA:6,3,0,3
BRF:4
BRH:4
end_of_record
TN:
SF:apps/api-server/src/libs/constants/ErrorCode.ts
FNF:0
FNH:0
DA:1,3
DA:2,3
DA:3,3
DA:4,3
DA:5,3
DA:6,3
DA:7,3
DA:8,3
DA:9,3
DA:10,1
DA:11,1
DA:12,1
DA:13,1
DA:14,1
DA:15,1
DA:16,1
DA:17,1
DA:18,1
DA:19,1
DA:20,1
LF:20
LH:20
BRDA:1,0,0,3
BRF:1
BRH:1
end_of_record
TN:
SF:apps/api-server/src/libs/decorators/ApiErrorResponse.ts
FN:7,ApiBadRequestResponse
FN:11,ApiUnauthorizedResponse
FN:15,ApiForbiddenResponse
FN:19,ApiNotFoundResponse
FN:23,ApiConflictResponse
FN:27,ApiInternalServerErrorResponse
FN:31,ApiErrorResponse
FN:42,get_apply_decorators
FNF:8
FNH:8
FNDA:54,ApiBadRequestResponse
FNDA:15,ApiUnauthorizedResponse
FNDA:21,ApiForbiddenResponse
FNDA:15,ApiNotFoundResponse
FNDA:15,ApiConflictResponse
FNDA:15,ApiInternalServerErrorResponse
FNDA:15,ApiErrorResponse
FNDA:135,get_apply_decorators
DA:1,1
DA:2,1
DA:3,1
DA:4,1
DA:5,1
DA:6,1
DA:7,54
DA:8,54
DA:9,54
DA:10,1
DA:11,15
DA:12,15
DA:13,15
DA:14,1
DA:15,21
DA:16,21
DA:17,21
DA:18,1
DA:19,15
DA:20,15
DA:21,15
DA:22,1
DA:23,15
DA:24,15
DA:25,15
DA:26,1
DA:27,15
DA:28,15
DA:29,15
DA:30,1
DA:31,15
DA:32,15
DA:33,15
DA:34,15
DA:35,15
DA:36,15
DA:37,15
DA:38,15
DA:39,15
DA:40,15
DA:41,1
DA:42,135
DA:43,135
DA:44,135
DA:45,135
DA:46,135
DA:47,135
DA:48,135
DA:49,135
DA:50,135
DA:51,135
DA:52,135
DA:53,135
DA:54,135
DA:55,135
DA:56,135
DA:57,135
DA:58,135
DA:59,135
DA:60,135
DA:61,135
DA:62,135
LF:62
LH:62
BRDA:7,0,0,54
BRDA:11,1,0,15
BRDA:15,2,0,21
BRDA:19,3,0,15
BRDA:23,4,0,15
BRDA:27,5,0,15
BRDA:31,6,0,15
BRDA:42,7,0,135
BRF:8
BRH:8
end_of_record
TN:
SF:apps/api-server/src/libs/decorators/ApiStandardResponse.ts
FN:7,ApiStandardResponse
FN:53,ApiCreatedResponse
FNF:2
FNH:2
FNDA:48,ApiStandardResponse
FNDA:12,ApiCreatedResponse
DA:1,1
DA:2,1
DA:3,1
DA:4,1
DA:5,1
DA:6,1
DA:7,48
DA:8,48
DA:9,48
DA:10,48
DA:11,48
DA:12,48
DA:13,9
DA:14,9
DA:15,9
DA:16,9
DA:17,9
DA:18,9
DA:19,9
DA:20,9
DA:21,9
DA:22,39
DA:23,39
DA:24,39
DA:25,39
DA:26,39
DA:27,39
DA:28,39
DA:29,39
DA:30,39
DA:31,39
DA:32,39
DA:33,39
DA:34,39
DA:35,39
DA:36,39
DA:37,39
DA:38,39
DA:39,39
DA:40,39
DA:41,39
DA:42,39
DA:43,39
DA:44,39
DA:45,39
DA:46,39
DA:47,39
DA:48,39
DA:49,39
DA:50,39
DA:51,39
DA:52,1
DA:53,12
DA:54,12
DA:55,12
LF:55
LH:55
BRDA:7,0,0,48
BRDA:12,1,0,9
BRDA:22,2,0,39
BRDA:53,3,0,12
BRF:4
BRH:4
end_of_record
TN:
SF:apps/api-server/src/libs/decorators/ResponseType.ts
FN:5,Object.<anonymous>.exports.default
FNF:1
FNH:1
FNDA:39,Object.<anonymous>.exports.default
DA:1,1
DA:2,1
DA:3,1
DA:4,1
DA:5,1
LF:5
LH:5
BRDA:5,0,0,39
BRF:1
BRH:1
end_of_record
TN:
SF:apps/api-server/src/libs/decorators/index.ts
FN:2,get
FN:3,get
FN:4,get
FN:5,get
FN:6,get
FN:7,get
FN:8,get
FN:10,get
FN:10,get
FN:11,get
FNF:10
FNH:6
FNDA:15,get
FNDA:39,get
FNDA:0,get
FNDA:6,get
FNDA:0,get
FNDA:0,get
FNDA:0,get
FNDA:12,get
FNDA:36,get
FNDA:39,get
DA:1,1
DA:2,1
DA:3,1
DA:4,1
DA:5,1
DA:6,1
DA:7,1
DA:8,1
DA:9,1
DA:10,1
DA:11,1
LF:11
LH:11
BRDA:2,0,0,15
BRDA:3,1,0,39
BRDA:5,2,0,6
BRDA:10,3,0,12
BRDA:10,4,0,36
BRDA:11,5,0,39
BRF:6
BRH:6
end_of_record
TN:
SF:apps/api-server/src/libs/interceptors/ResponseInterceptor.ts
FN:9,<instance_members_initializer>
FN:10,ResponseInterceptor
FN:12,intercept
FN:22,transform
FNF:4
FNH:3
FNDA:0,<instance_members_initializer>
FNDA:6,ResponseInterceptor
FNDA:6,intercept
FNDA:6,transform
DA:1,1
DA:2,1
DA:3,1
DA:4,1
DA:5,1
DA:6,1
DA:7,1
DA:8,1
DA:9,1
DA:10,0
DA:11,0
DA:12,0
DA:13,6
DA:14,6
DA:15,6
DA:16,6
DA:17,6
DA:18,6
DA:19,4
DA:20,4
DA:21,4
DA:22,4
DA:23,4
DA:24,4
DA:25,4
DA:26,4
DA:27,4
DA:28,4
DA:29,0
LF:29
LH:25
BRDA:10,0,0,6
BRDA:12,1,0,6
BRDA:18,2,0,2
BRDA:19,3,0,4
BRDA:21,4,0,4
BRDA:25,5,0,2
BRDA:25,6,0,2
BRDA:22,7,0,6
BRF:8
BRH:8
end_of_record
TN:
SF:apps/api-server/src/product/application/command/Edit.command.ts
FN:11,<instance_members_initializer>
FN:12,EditCommand
FNF:2
FNH:2
FNDA:3,<instance_members_initializer>
FNDA:3,EditCommand
DA:1,1
DA:2,1
DA:3,1
DA:4,1
DA:5,1
DA:6,1
DA:7,1
DA:8,1
DA:9,1
DA:10,1
DA:11,1
DA:12,3
DA:13,3
DA:14,3
DA:15,3
DA:16,3
DA:17,3
DA:18,3
DA:19,3
DA:20,3
DA:21,3
DA:22,3
DA:23,3
DA:24,3
DA:25,3
DA:26,3
DA:27,3
LF:27
LH:27
BRDA:11,0,0,3
BRDA:12,1,0,3
BRF:2
BRH:2
end_of_record
TN:
SF:apps/api-server/src/product/application/command/Edit.handler.ts
FN:21,<instance_members_initializer>
FN:22,EditHandler
FN:42,execute
FN:58,update_or_fail
FNF:4
FNH:4
FNDA:3,<instance_members_initializer>
FNDA:3,EditHandler
FNDA:4,execute
FNDA:12,update_or_fail
DA:1,1
DA:2,1
DA:3,1
DA:4,1
DA:5,1
DA:6,1
DA:7,1
DA:8,1
DA:9,1
DA:10,1
DA:11,1
DA:12,1
DA:13,1
DA:14,1
DA:15,1
DA:16,1
DA:17,1
DA:18,1
DA:19,1
DA:20,1
DA:21,1
DA:22,3
DA:23,3
DA:24,3
DA:25,3
DA:26,3
DA:27,3
DA:28,3
DA:29,3
DA:30,3
DA:31,3
DA:32,3
DA:33,3
DA:34,3
DA:35,3
DA:36,3
DA:37,3
DA:38,3
DA:39,3
DA:40,3
DA:41,3
DA:42,3
DA:43,4
DA:44,4
DA:45,4
DA:46,4
DA:47,4
DA:48,4
DA:49,4
DA:50,4
DA:51,4
DA:52,4
DA:53,4
DA:54,4
DA:55,4
DA:56,4
DA:57,4
DA:58,4
DA:59,12
DA:60,12
DA:61,12
DA:62,12
DA:63,12
DA:64,12
DA:65,0
DA:66,0
DA:67,0
DA:68,0
DA:69,0
DA:70,12
DA:71,4
DA:72,4
DA:73,4
DA:74,4
DA:75,4
DA:76,4
DA:77,4
DA:78,2
DA:79,2
DA:80,2
DA:81,2
DA:82,2
DA:83,2
DA:84,2
DA:85,2
DA:86,2
DA:87,2
DA:88,2
DA:89,2
DA:90,2
DA:91,2
DA:92,2
DA:93,2
DA:94,2
DA:95,2
DA:96,2
DA:97,2
DA:98,2
DA:99,2
DA:100,2
DA:101,2
DA:102,2
DA:103,2
DA:104,2
DA:105,2
DA:106,2
DA:107,2
DA:108,2
DA:109,2
DA:110,2
DA:111,2
DA:112,2
DA:113,2
DA:114,2
DA:115,2
DA:116,2
DA:117,2
DA:118,2
DA:119,2
DA:120,2
DA:121,2
DA:122,2
DA:123,2
DA:124,2
DA:125,2
DA:126,2
DA:127,2
DA:128,2
DA:129,2
DA:130,2
DA:131,2
DA:132,2
DA:133,2
DA:134,2
DA:135,2
DA:136,2
DA:137,2
DA:138,2
DA:139,2
DA:140,2
DA:141,2
DA:142,2
DA:143,2
DA:144,2
DA:145,2
DA:146,2
DA:147,2
DA:148,2
DA:149,2
DA:150,2
DA:151,4
DA:152,2
DA:153,2
DA:154,2
DA:155,2
DA:156,2
DA:157,3
LF:157
LH:152
BRDA:21,0,0,3
BRDA:22,1,0,3
BRDA:42,2,0,4
BRDA:152,3,0,2
BRDA:56,4,0,4
BRDA:77,5,0,2
BRDA:58,6,0,12
BRDA:64,7,0,0
BRDA:125,8,0,2
BRDA:147,9,0,6
BRF:10
BRH:9
end_of_record
TN:
SF:apps/api-server/src/product/application/command/ImageRegister.command.ts
FN:3,<instance_members_initializer>
FN:4,ImageRegisterCommand
FNF:2
FNH:2
FNDA:3,<instance_members_initializer>
FNDA:3,ImageRegisterCommand
DA:1,1
DA:2,1
DA:3,1
DA:4,3
DA:5,3
DA:6,3
DA:7,3
DA:8,3
DA:9,3
DA:10,3
DA:11,3
DA:12,3
LF:12
LH:12
BRDA:3,0,0,3
BRDA:4,1,0,3
BRF:2
BRH:2
end_of_record
TN:
SF:apps/api-server/src/product/application/command/ImageRegister.handler.ts
FN:9,<instance_members_initializer>
FN:10,ImageRegisterHandler
FN:15,execute
FNF:3
FNH:3
FNDA:3,<instance_members_initializer>
FNDA:3,ImageRegisterHandler
FNDA:2,execute
DA:1,1
DA:2,1
DA:3,1
DA:4,1
DA:5,1
DA:6,1
DA:7,1
DA:8,1
DA:9,1
DA:10,3
DA:11,3
DA:12,3
DA:13,3
DA:14,3
DA:15,3
DA:16,2
DA:17,2
DA:18,2
DA:19,2
DA:20,2
DA:21,2
DA:22,2
DA:23,2
DA:24,2
DA:25,2
DA:26,3
LF:26
LH:26
BRDA:9,0,0,3
BRDA:10,1,0,3
BRDA:15,2,0,2
BRDA:18,3,0,0
BRF:4
BRH:3
end_of_record
TN:
SF:apps/api-server/src/product/application/command/OptionEdit.command.ts
FN:3,<instance_members_initializer>
FN:4,OptionEditCommand
FNF:2
FNH:2
FNDA:3,<instance_members_initializer>
FNDA:3,OptionEditCommand
DA:1,1
DA:2,1
DA:3,1
DA:4,3
DA:5,3
DA:6,3
DA:7,3
DA:8,3
DA:9,3
LF:9
LH:9
BRDA:3,0,0,3
BRDA:4,1,0,3
BRF:2
BRH:2
end_of_record
TN:
SF:apps/api-server/src/product/application/command/OptionEdit.handler.ts
FN:11,<instance_members_initializer>
FN:12,OptionEditHandler
FN:18,execute
FNF:3
FNH:3
FNDA:3,<instance_members_initializer>
FNDA:3,OptionEditHandler
FNDA:6,execute
DA:1,1
DA:2,1
DA:3,1
DA:4,1
DA:5,1
DA:6,1
DA:7,1
DA:8,1
DA:9,1
DA:10,1
DA:11,1
DA:12,3
DA:13,3
DA:14,3
DA:15,3
DA:16,3
DA:17,3
DA:18,3
DA:19,6
DA:20,6
DA:21,6
DA:22,6
DA:23,6
DA:24,6
DA:25,6
DA:26,6
DA:27,2
DA:28,2
DA:29,2
DA:30,2
DA:31,2
DA:32,4
DA:33,6
DA:34,2
DA:35,2
DA:36,2
DA:37,2
DA:38,2
DA:39,2
DA:40,2
DA:41,2
DA:42,2
DA:43,2
DA:44,2
DA:45,2
DA:46,2
DA:47,2
DA:48,6
DA:49,2
DA:50,2
DA:51,2
DA:52,2
DA:53,2
DA:54,3
LF:54
LH:54
BRDA:11,0,0,3
BRDA:12,1,0,3
BRDA:18,2,0,6
BRDA:49,3,0,2
BRDA:19,4,0,6
BRDA:26,5,0,2
BRDA:32,6,0,4
BRDA:33,7,0,2
BRF:8
BRH:8
end_of_record
TN:
SF:apps/api-server/src/product/application/command/OptionRegister.command.ts
FN:3,<instance_members_initializer>
FN:4,OptionRegisterCommand
FNF:2
FNH:2
FNDA:3,<instance_members_initializer>
FNDA:3,OptionRegisterCommand
DA:1,1
DA:2,1
DA:3,1
DA:4,3
DA:5,3
DA:6,3
DA:7,3
DA:8,3
DA:9,3
LF:9
LH:9
BRDA:3,0,0,3
BRDA:4,1,0,3
BRF:2
BRH:2
end_of_record
TN:
SF:apps/api-server/src/product/application/command/OptionRegister.handler.ts
FN:11,<instance_members_initializer>
FN:12,OptionRegisterHandler
FN:20,execute
FNF:3
FNH:3
FNDA:3,<instance_members_initializer>
FNDA:3,OptionRegisterHandler
FNDA:6,execute
DA:1,1
DA:2,1
DA:3,1
DA:4,1
DA:5,1
DA:6,1
DA:7,1
DA:8,1
DA:9,1
DA:10,1
DA:11,1
DA:12,3
DA:13,3
DA:14,3
DA:15,3
DA:16,3
DA:17,3
DA:18,3
DA:19,3
DA:20,3
DA:21,6
DA:22,6
DA:23,6
DA:24,6
DA:25,6
DA:26,6
DA:27,6
DA:28,6
DA:29,6
DA:30,6
DA:31,2
DA:32,2
DA:33,2
DA:34,2
DA:35,2
DA:36,4
DA:37,6
DA:38,2
DA:39,2
DA:40,2
DA:41,2
DA:42,2
DA:43,2
DA:44,2
DA:45,2
DA:46,2
DA:47,2
DA:48,2
DA:49,2
DA:50,2
DA:51,2
DA:52,2
DA:53,6
DA:54,2
DA:55,2
DA:56,2
DA:57,2
DA:58,2
DA:59,3
LF:59
LH:59
BRDA:11,0,0,3
BRDA:12,1,0,3
BRDA:20,2,0,6
BRDA:54,3,0,2
BRDA:21,4,0,6
BRDA:30,5,0,2
BRDA:36,6,0,4
BRDA:37,7,0,2
BRF:8
BRH:8
end_of_record
TN:
SF:apps/api-server/src/product/application/command/OptionRemove.command.ts
FN:1,<instance_members_initializer>
FN:2,OptionRemoveCommand
FNF:2
FNH:2
FNDA:3,<instance_members_initializer>
FNDA:3,OptionRemoveCommand
DA:1,1
DA:2,3
DA:3,3
DA:4,3
DA:5,3
DA:6,3
LF:6
LH:6
BRDA:1,0,0,3
BRDA:2,1,0,3
BRF:2
BRH:2
end_of_record
TN:
SF:apps/api-server/src/product/application/command/OptionRemove.handler.ts
FN:16,<instance_members_initializer>
FN:17,OptionRemoveHandler
FN:23,execute
FNF:3
FNH:3
FNDA:3,<instance_members_initializer>
FNDA:3,OptionRemoveHandler
FNDA:8,execute
DA:1,1
DA:2,1
DA:3,1
DA:4,1
DA:5,1
DA:6,1
DA:7,1
DA:8,1
DA:9,1
DA:10,1
DA:11,1
DA:12,1
DA:13,1
DA:14,1
DA:15,1
DA:16,1
DA:17,3
DA:18,3
DA:19,3
DA:20,3
DA:21,3
DA:22,3
DA:23,3
DA:24,8
DA:25,8
DA:26,8
DA:27,8
DA:28,8
DA:29,8
DA:30,8
DA:31,2
DA:32,2
DA:33,2
DA:34,2
DA:35,2
DA:36,6
DA:37,8
DA:38,2
DA:39,2
DA:40,2
DA:41,2
DA:42,2
DA:43,2
DA:44,2
DA:45,2
DA:46,4
DA:47,4
DA:48,4
DA:49,4
DA:50,8
DA:51,4
DA:52,8
DA:53,2
DA:54,2
DA:55,8
DA:56,3
LF:56
LH:56
BRDA:16,0,0,3
BRDA:17,1,0,3
BRDA:23,2,0,8
BRDA:51,3,0,4
BRDA:52,4,0,2
BRDA:24,5,0,8
BRDA:30,6,0,2
BRDA:36,7,0,6
BRDA:37,8,0,2
BRDA:46,9,0,4
BRF:10
BRH:10
end_of_record
TN:
SF:apps/api-server/src/product/application/command/Register.command.ts
FN:10,<instance_members_initializer>
FN:11,RegisterCommand
FNF:2
FNH:2
FNDA:3,<instance_members_initializer>
FNDA:3,RegisterCommand
DA:1,1
DA:2,1
DA:3,1
DA:4,1
DA:5,1
DA:6,1
DA:7,1
DA:8,1
DA:9,1
DA:10,1
DA:11,3
DA:12,3
DA:13,3
DA:14,3
DA:15,3
DA:16,3
DA:17,3
DA:18,3
DA:19,3
DA:20,3
DA:21,3
DA:22,3
DA:23,3
DA:24,3
DA:25,3
DA:26,3
DA:27,3
DA:28,3
LF:28
LH:28
BRDA:10,0,0,3
BRDA:11,1,0,3
BRF:2
BRH:2
end_of_record
TN:
SF:apps/api-server/src/product/application/command/Register.handler.ts
FN:20,<instance_members_initializer>
FN:21,RegisterHandler
FN:41,execute
FNF:3
FNH:3
FNDA:3,<instance_members_initializer>
FNDA:3,RegisterHandler
FNDA:2,execute
DA:1,1
DA:2,1
DA:3,1
DA:4,1
DA:5,1
DA:6,1
DA:7,1
DA:8,1
DA:9,1
DA:10,1
DA:11,1
DA:12,1
DA:13,1
DA:14,1
DA:15,1
DA:16,1
DA:17,1
DA:18,1
DA:19,1
DA:20,1
DA:21,3
DA:22,3
DA:23,3
DA:24,3
DA:25,3
DA:26,3
DA:27,3
DA:28,3
DA:29,3
DA:30,3
DA:31,3
DA:32,3
DA:33,3
DA:34,3
DA:35,3
DA:36,3
DA:37,3
DA:38,3
DA:39,3
DA:40,3
DA:41,3
DA:42,2
DA:43,2
DA:44,2
DA:45,2
DA:46,2
DA:47,2
DA:48,2
DA:49,2
DA:50,2
DA:51,2
DA:52,2
DA:53,2
DA:54,2
DA:55,2
DA:56,2
DA:57,2
DA:58,2
DA:59,2
DA:60,2
DA:61,2
DA:62,2
DA:63,2
DA:64,2
DA:65,2
DA:66,2
DA:67,2
DA:68,2
DA:69,2
DA:70,2
DA:71,2
DA:72,2
DA:73,2
DA:74,2
DA:75,2
DA:76,2
DA:77,2
DA:78,2
DA:79,2
DA:80,2
DA:81,2
DA:82,2
DA:83,2
DA:84,2
DA:85,2
DA:86,2
DA:87,2
DA:88,2
DA:89,2
DA:90,2
DA:91,2
DA:92,2
DA:93,2
DA:94,2
DA:95,2
DA:96,2
DA:97,2
DA:98,2
DA:99,2
DA:100,2
DA:101,2
DA:102,2
DA:103,2
DA:104,2
DA:105,2
DA:106,2
DA:107,2
DA:108,2
DA:109,2
DA:110,2
DA:111,2
DA:112,2
DA:113,2
DA:114,2
DA:115,2
DA:116,2
DA:117,2
DA:118,2
DA:119,2
DA:120,2
DA:121,2
DA:122,2
DA:123,2
DA:124,2
DA:125,2
DA:126,2
DA:127,2
DA:128,3
LF:128
LH:128
BRDA:20,0,0,3
BRDA:21,1,0,3
BRDA:41,2,0,2
BRDA:55,3,0,2
BRDA:78,4,0,2
BRDA:95,5,0,2
BRDA:105,6,0,2
BRDA:109,7,0,2
BRDA:119,8,0,6
BRF:9
BRH:9
end_of_record
TN:
SF:apps/api-server/src/product/application/command/Remove.command.ts
FN:1,<instance_members_initializer>
FN:2,RemoveCommand
FNF:2
FNH:2
FNDA:3,<instance_members_initializer>
FNDA:3,RemoveCommand
DA:1,1
DA:2,3
DA:3,3
LF:3
LH:3
BRDA:1,0,0,3
BRDA:2,1,0,3
BRF:2
BRH:2
end_of_record
TN:
SF:apps/api-server/src/product/application/command/Remove.handler.ts
FN:10,<instance_members_initializer>
FN:11,RemoveHandler
FN:16,execute
FNF:3
FNH:3
FNDA:3,<instance_members_initializer>
FNDA:3,RemoveHandler
FNDA:4,execute
DA:1,1
DA:2,1
DA:3,1
DA:4,1
DA:5,1
DA:6,1
DA:7,1
DA:8,1
DA:9,1
DA:10,1
DA:11,3
DA:12,3
DA:13,3
DA:14,3
DA:15,3
DA:16,3
DA:17,4
DA:18,4
DA:19,4
DA:20,2
DA:21,2
DA:22,2
DA:23,2
DA:24,2
DA:25,4
DA:26,3
LF:26
LH:26
BRDA:10,0,0,3
BRDA:11,1,0,3
BRDA:16,2,0,4
BRDA:19,3,0,2
BRF:4
BRH:4
end_of_record
TN:
SF:apps/api-server/src/product/application/command/index.ts
FN:1,get
FN:2,get
FN:3,get
FN:4,get
FN:5,get
FN:6,get
FN:8,get
FN:9,get
FN:10,get
FN:11,get
FN:12,get
FN:13,get
FN:15,get
FN:16,get
FNF:14
FNH:14
FNDA:3,get
FNDA:3,get
FNDA:3,get
FNDA:3,get
FNDA:3,get
FNDA:3,get
FNDA:3,get
FNDA:3,get
FNDA:3,get
FNDA:3,get
FNDA:3,get
FNDA:3,get
FNDA:3,get
FNDA:3,get
DA:1,1
DA:2,1
DA:3,1
DA:4,1
DA:5,1
DA:6,1
DA:7,1
DA:8,1
DA:9,1
DA:10,1
DA:11,1
DA:12,1
DA:13,1
DA:14,1
DA:15,1
DA:16,1
LF:16
LH:16
BRDA:1,0,0,3
BRDA:2,1,0,3
BRDA:3,2,0,3
BRDA:4,3,0,3
BRDA:5,4,0,3
BRDA:6,5,0,3
BRDA:8,6,0,3
BRDA:9,7,0,3
BRDA:10,8,0,3
BRDA:11,9,0,3
BRDA:12,10,0,3
BRDA:13,11,0,3
BRDA:15,12,0,3
BRDA:16,13,0,3
BRF:14
BRH:14
end_of_record
TN:
SF:apps/api-server/src/product/application/query/Find.handler.ts
FN:11,<instance_members_initializer>
FN:12,FindHandler
FN:17,execute
FNF:3
FNH:3
FNDA:3,<instance_members_initializer>
FNDA:3,FindHandler
FNDA:4,execute
DA:1,1
DA:2,1
DA:3,1
DA:4,1
DA:5,1
DA:6,1
DA:7,1
DA:8,1
DA:9,1
DA:10,1
DA:11,1
DA:12,3
DA:13,3
DA:14,3
DA:15,3
DA:16,3
DA:17,3
DA:18,4
DA:19,4
DA:20,4
DA:21,2
DA:22,2
DA:23,2
DA:24,2
DA:25,2
DA:26,2
DA:27,2
DA:28,3
LF:28
LH:28
BRDA:11,0,0,3
BRDA:12,1,0,3
BRDA:17,2,0,4
BRDA:20,3,0,2
BRF:4
BRH:4
end_of_record
TN:
SF:apps/api-server/src/product/application/query/Find.query.ts
FN:1,<instance_members_initializer>
FN:2,FindQuery
FNF:2
FNH:2
FNDA:3,<instance_members_initializer>
FNDA:3,FindQuery
DA:1,1
DA:2,3
DA:3,3
LF:3
LH:3
BRDA:1,0,0,3
BRDA:2,1,0,3
BRF:2
BRH:2
end_of_record
TN:
SF:apps/api-server/src/product/application/query/FindAll.handler.ts
FN:10,<instance_members_initializer>
FN:11,FindAllHandler
FN:16,execute
FNF:3
FNH:3
FNDA:3,<instance_members_initializer>
FNDA:3,FindAllHandler
FNDA:2,execute
DA:1,1
DA:2,1
DA:3,1
DA:4,1
DA:5,1
DA:6,1
DA:7,1
DA:8,1
DA:9,1
DA:10,1
DA:11,3
DA:12,3
DA:13,3
DA:14,3
DA:15,3
DA:16,3
DA:17,2
DA:18,2
DA:19,2
DA:20,2
DA:21,2
DA:22,2
DA:23,2
DA:24,2
DA:25,2
DA:26,2
DA:27,2
DA:28,2
DA:29,2
DA:30,2
DA:31,2
DA:32,2
DA:33,2
DA:34,2
DA:35,2
DA:36,2
DA:37,2
DA:38,2
DA:39,2
DA:40,2
DA:41,2
DA:42,2
DA:43,2
DA:44,2
DA:45,2
DA:46,2
DA:47,2
DA:48,2
DA:49,2
DA:50,2
DA:51,2
DA:52,2
DA:53,2
DA:54,2
DA:55,2
DA:56,2
DA:57,2
DA:58,2
DA:59,2
DA:60,2
DA:61,2
DA:62,2
DA:63,2
DA:64,3
LF:64
LH:64
BRDA:10,0,0,3
BRDA:11,1,0,3
BRDA:16,2,0,2
BRDA:31,3,0,0
BRDA:38,4,0,0
BRDA:40,5,0,0
BRDA:41,6,0,0
BRDA:43,7,0,0
BRDA:44,8,0,0
BRDA:45,9,0,0
BRDA:47,10,0,0
BRDA:57,11,0,0
BRDA:58,12,0,0
BRDA:59,13,0,0
BRF:14
BRH:3
end_of_record
TN:
SF:apps/api-server/src/product/application/query/FindAll.query.ts
FN:3,<instance_members_initializer>
FN:4,FindAllQuery
FNF:2
FNH:2
FNDA:3,<instance_members_initializer>
FNDA:3,FindAllQuery
DA:1,1
DA:2,1
DA:3,1
DA:4,3
DA:5,3
LF:5
LH:5
BRDA:3,0,0,3
BRDA:4,1,0,3
BRF:2
BRH:2
end_of_record
TN:
SF:apps/api-server/src/product/application/query/index.ts
FN:1,get
FN:2,get
FN:3,get
FN:4,get
FNF:4
FNH:4
FNDA:3,get
FNDA:3,get
FNDA:3,get
FNDA:3,get
DA:1,1
DA:2,1
DA:3,1
DA:4,1
LF:4
LH:4
BRDA:1,0,0,3
BRDA:2,1,0,3
BRDA:3,2,0,3
BRDA:4,3,0,3
BRF:4
BRH:4
end_of_record
TN:
SF:apps/api-server/src/product/infrastructure/rdb/repositories/index.ts
FN:1,get
FNF:1
FNH:1
FNDA:3,get
DA:1,1
LF:1
LH:1
BRDA:1,0,0,3
BRF:1
BRH:1
end_of_record
TN:
SF:apps/api-server/src/product/infrastructure/rdb/repositories/provider.ts
FNF:0
FNH:0
DA:1,1
DA:2,1
DA:3,1
DA:4,1
DA:5,1
DA:6,1
DA:7,1
DA:8,1
DA:9,1
DA:10,1
DA:11,1
DA:12,1
DA:13,1
DA:14,1
DA:15,1
DA:16,1
DA:17,1
DA:18,1
DA:19,1
DA:20,1
DA:21,1
DA:22,1
LF:22
LH:22
BRF:0
BRH:0
end_of_record
TN:
SF:apps/api-server/src/product/presentation/controllers/Product.controller.ts
FN:29,<instance_members_initializer>
FN:30,ProductController
FN:40,create
FN:58,read_all
FN:76,read
FN:93,update
FN:109,delete
FNF:7
FNH:7
FNDA:3,<instance_members_initializer>
FNDA:3,ProductController
FNDA:2,create
FNDA:2,read_all
FNDA:2,read
FNDA:2,update
FNDA:2,delete
DA:1,1
DA:2,1
DA:3,1
DA:4,1
DA:5,1
DA:6,1
DA:7,1
DA:8,1
DA:9,1
DA:10,1
DA:11,1
DA:12,1
DA:13,1
DA:14,1
DA:15,1
DA:16,1
DA:17,1
DA:18,1
DA:19,1
DA:20,1
DA:21,1
DA:22,1
DA:23,1
DA:24,1
DA:25,1
DA:26,1
DA:27,1
DA:28,1
DA:29,1
DA:30,3
DA:31,3
DA:32,3
DA:33,3
DA:34,3
DA:35,3
DA:36,3
DA:37,3
DA:38,3
DA:39,3
DA:40,3
DA:41,2
DA:42,2
DA:43,2
DA:44,2
DA:45,2
DA:46,2
DA:47,2
DA:48,2
DA:49,2
DA:50,2
DA:51,2
DA:52,3
DA:53,3
DA:54,3
DA:55,3
DA:56,3
DA:57,3
DA:58,3
DA:59,2
DA:60,2
DA:61,2
DA:62,2
DA:63,2
DA:64,2
DA:65,2
DA:66,2
DA:67,2
DA:68,2
DA:69,2
DA:70,3
DA:71,3
DA:72,3
DA:73,3
DA:74,3
DA:75,3
DA:76,3
DA:77,2
DA:78,2
DA:79,2
DA:80,2
DA:81,2
DA:82,2
DA:83,2
DA:84,2
DA:85,2
DA:86,2
DA:87,3
DA:88,3
DA:89,3
DA:90,3
DA:91,3
DA:92,3
DA:93,3
DA:94,2
DA:95,2
DA:96,2
DA:97,2
DA:98,2
DA:99,2
DA:100,2
DA:101,2
DA:102,2
DA:103,2
DA:104,3
DA:105,3
DA:106,3
DA:107,3
DA:108,3
DA:109,3
DA:110,2
DA:111,2
DA:112,2
DA:113,2
DA:114,2
DA:115,2
DA:116,2
DA:117,2
DA:118,2
DA:119,2
DA:120,3
LF:120
LH:120
BRDA:29,0,0,3
BRDA:30,1,0,3
BRDA:40,2,0,2
BRDA:58,3,0,2
BRDA:76,4,0,2
BRDA:93,5,0,2
BRDA:109,6,0,2
BRF:7
BRH:7
end_of_record
TN:
SF:apps/api-server/src/product/presentation/controllers/Product_Options.controller.ts
FN:33,<instance_members_initializer>
FN:34,ProductOptionsController
FN:42,create_option
FN:64,update_option
FN:85,delete_option
FN:103,create_image
FNF:6
FNH:6
FNDA:3,<instance_members_initializer>
FNDA:3,ProductOptionsController
FNDA:2,create_option
FNDA:2,update_option
FNDA:2,delete_option
FNDA:2,create_image
DA:1,1
DA:2,1
DA:3,1
DA:4,1
DA:5,1
DA:6,1
DA:7,1
DA:8,1
DA:9,1
DA:10,1
DA:11,1
DA:12,1
DA:13,1
DA:14,1
DA:15,1
DA:16,1
DA:17,1
DA:18,1
DA:19,1
DA:20,1
DA:21,1
DA:22,1
DA:23,1
DA:24,1
DA:25,1
DA:26,1
DA:27,1
DA:28,1
DA:29,1
DA:30,1
DA:31,1
DA:32,1
DA:33,1
DA:34,3
DA:35,3
DA:36,3
DA:37,3
DA:38,3
DA:39,3
DA:40,3
DA:41,3
DA:42,3
DA:43,2
DA:44,2
DA:45,2
DA:46,2
DA:47,2
DA:48,2
DA:49,2
DA:50,2
DA:51,2
DA:52,2
DA:53,2
DA:54,2
DA:55,2
DA:56,3
DA:57,3
DA:58,3
DA:59,3
DA:60,3
DA:61,3
DA:62,3
DA:63,3
DA:64,3
DA:65,2
DA:66,2
DA:67,2
DA:68,2
DA:69,2
DA:70,2
DA:71,2
DA:72,2
DA:73,2
DA:74,2
DA:75,2
DA:76,2
DA:77,2
DA:78,3
DA:79,3
DA:80,3
DA:81,3
DA:82,3
DA:83,3
DA:84,3
DA:85,3
DA:86,2
DA:87,2
DA:88,2
DA:89,2
DA:90,2
DA:91,2
DA:92,2
DA:93,2
DA:94,2
DA:95,2
DA:96,3
DA:97,3
DA:98,3
DA:99,3
DA:100,3
DA:101,3
DA:102,3
DA:103,3
DA:104,2
DA:105,2
DA:106,2
DA:107,2
DA:108,2
DA:109,2
DA:110,2
DA:111,2
DA:112,2
DA:113,2
DA:114,2
DA:115,2
DA:116,2
DA:117,3
LF:117
LH:117
BRDA:33,0,0,3
BRDA:34,1,0,3
BRDA:42,2,0,2
BRDA:64,3,0,2
BRDA:85,4,0,2
BRDA:103,5,0,2
BRF:6
BRH:6
end_of_record
TN:
SF:apps/api-server/src/product/presentation/controllers/index.ts
FN:1,get
FN:2,get
FNF:2
FNH:2
FNDA:3,get
FNDA:3,get
DA:1,1
DA:2,1
LF:2
LH:2
BRDA:1,0,0,3
BRDA:2,1,0,3
BRF:2
BRH:2
end_of_record
TN:
SF:apps/api-server/src/product/presentation/dto/index.ts
FN:3,get
FN:4,get
FN:6,get
FN:7,get
FN:9,get
FN:11,get
FN:12,get
FN:13,get
FN:14,get
FN:15,get
FN:16,get
FN:17,get
FN:18,get
FN:20,get
FN:21,get
FNF:15
FNH:9
FNDA:6,get
FNDA:3,get
FNDA:3,get
FNDA:3,get
FNDA:3,get
FNDA:0,get
FNDA:3,get
FNDA:0,get
FNDA:6,get
FNDA:0,get
FNDA:0,get
FNDA:0,get
FNDA:0,get
FNDA:6,get
FNDA:3,get
DA:1,1
DA:2,1
DA:3,1
DA:4,1
DA:5,1
DA:6,1
DA:7,1
DA:8,1
DA:9,1
DA:10,1
DA:11,1
DA:12,1
DA:13,1
DA:14,1
DA:15,1
DA:16,1
DA:17,1
DA:18,1
DA:19,1
DA:20,1
DA:21,1
LF:21
LH:21
BRDA:3,0,0,6
BRDA:4,1,0,3
BRDA:6,2,0,3
BRDA:7,3,0,3
BRDA:9,4,0,3
BRDA:12,5,0,3
BRDA:14,6,0,6
BRDA:20,7,0,6
BRDA:21,8,0,3
BRF:9
BRH:9
end_of_record
TN:
SF:apps/api-server/src/review/application/command/Edit.command.ts
FN:3,<instance_members_initializer>
FN:4,EditCommand
FNF:2
FNH:2
FNDA:3,<instance_members_initializer>
FNDA:3,EditCommand
DA:1,1
DA:2,1
DA:3,1
DA:4,3
DA:5,3
DA:6,3
DA:7,3
DA:8,3
LF:8
LH:8
BRDA:3,0,0,3
BRDA:4,1,0,3
BRF:2
BRH:2
end_of_record
TN:
SF:apps/api-server/src/review/application/command/Edit.handler.ts
FN:11,<instance_members_initializer>
FN:12,EditHandler
FN:18,execute
FNF:3
FNH:3
FNDA:3,<instance_members_initializer>
FNDA:3,EditHandler
FNDA:4,execute
DA:1,1
DA:2,1
DA:3,1
DA:4,1
DA:5,1
DA:6,1
DA:7,1
DA:8,1
DA:9,1
DA:10,1
DA:11,1
DA:12,3
DA:13,3
DA:14,3
DA:15,3
DA:16,3
DA:17,3
DA:18,3
DA:19,4
DA:20,4
DA:21,4
DA:22,4
DA:23,2
DA:24,2
DA:25,2
DA:26,2
DA:27,2
DA:28,2
DA:29,2
DA:30,2
DA:31,2
DA:32,2
DA:33,2
DA:34,4
DA:35,2
DA:36,2
DA:37,2
DA:38,2
DA:39,3
LF:39
LH:39
BRDA:11,0,0,3
BRDA:12,1,0,3
BRDA:18,2,0,4
BRDA:35,3,0,2
BRDA:19,4,0,4
BRDA:22,5,0,2
BRF:6
BRH:6
end_of_record
TN:
SF:apps/api-server/src/review/application/command/Register.command.ts
FN:3,<instance_members_initializer>
FN:4,RegisterCommand
FNF:2
FNH:2
FNDA:3,<instance_members_initializer>
FNDA:3,RegisterCommand
DA:1,1
DA:2,1
DA:3,1
DA:4,3
DA:5,3
DA:6,3
DA:7,3
DA:8,3
LF:8
LH:8
BRDA:3,0,0,3
BRDA:4,1,0,3
BRF:2
BRH:2
end_of_record
TN:
SF:apps/api-server/src/review/application/command/Register.handler.ts
FN:11,<instance_members_initializer>
FN:12,RegisterHandler
FN:18,execute
FNF:3
FNH:3
FNDA:3,<instance_members_initializer>
FNDA:3,RegisterHandler
FNDA:2,execute
DA:1,1
DA:2,1
DA:3,1
DA:4,1
DA:5,1
DA:6,1
DA:7,1
DA:8,1
DA:9,1
DA:10,1
DA:11,1
DA:12,3
DA:13,3
DA:14,3
DA:15,3
DA:16,3
DA:17,3
DA:18,3
DA:19,2
DA:20,2
DA:21,2
DA:22,2
DA:23,2
DA:24,2
DA:25,2
DA:26,2
DA:27,2
DA:28,2
DA:29,2
DA:30,2
DA:31,2
DA:32,2
DA:33,3
LF:33
LH:33
BRDA:11,0,0,3
BRDA:12,1,0,3
BRDA:18,2,0,2
BRDA:19,3,0,2
BRF:4
BRH:4
end_of_record
TN:
SF:apps/api-server/src/review/application/command/Remove.command.ts
FN:1,<instance_members_initializer>
FN:2,RemoveCommand
FNF:2
FNH:2
FNDA:3,<instance_members_initializer>
FNDA:3,RemoveCommand
DA:1,1
DA:2,3
DA:3,3
LF:3
LH:3
BRDA:1,0,0,3
BRDA:2,1,0,3
BRF:2
BRH:2
end_of_record
TN:
SF:apps/api-server/src/review/application/command/Remove.handler.ts
FN:10,<instance_members_initializer>
FN:11,RemoveHandler
FN:16,execute
FNF:3
FNH:3
FNDA:3,<instance_members_initializer>
FNDA:3,RemoveHandler
FNDA:4,execute
DA:1,1
DA:2,1
DA:3,1
DA:4,1
DA:5,1
DA:6,1
DA:7,1
DA:8,1
DA:9,1
DA:10,1
DA:11,3
DA:12,3
DA:13,3
DA:14,3
DA:15,3
DA:16,3
DA:17,4
DA:18,4
DA:19,4
DA:20,2
DA:21,2
DA:22,2
DA:23,2
DA:24,2
DA:25,4
DA:26,3
LF:26
LH:26
BRDA:10,0,0,3
BRDA:11,1,0,3
BRDA:16,2,0,4
BRDA:19,3,0,2
BRF:4
BRH:4
end_of_record
TN:
SF:apps/api-server/src/review/application/command/index.ts
FN:1,get
FN:2,get
FN:3,get
FN:4,get
FN:5,get
FN:6,get
FNF:6
FNH:6
FNDA:3,get
FNDA:3,get
FNDA:3,get
FNDA:3,get
FNDA:3,get
FNDA:3,get
DA:1,1
DA:2,1
DA:3,1
DA:4,1
DA:5,1
DA:6,1
LF:6
LH:6
BRDA:1,0,0,3
BRDA:2,1,0,3
BRDA:3,2,0,3
BRDA:4,3,0,3
BRDA:5,4,0,3
BRDA:6,5,0,3
BRF:6
BRH:6
end_of_record
TN:
SF:apps/api-server/src/review/application/query/Find.handler.ts
FN:10,<instance_members_initializer>
FN:11,FindHandler
FN:16,execute
FNF:3
FNH:3
FNDA:3,<instance_members_initializer>
FNDA:3,FindHandler
FNDA:2,execute
DA:1,1
DA:2,1
DA:3,1
DA:4,1
DA:5,1
DA:6,1
DA:7,1
DA:8,1
DA:9,1
DA:10,1
DA:11,3
DA:12,3
DA:13,3
DA:14,3
DA:15,3
DA:16,3
DA:17,2
DA:18,2
DA:19,2
DA:20,2
DA:21,2
DA:22,2
DA:23,2
DA:24,2
DA:25,2
DA:26,2
DA:27,2
DA:28,2
DA:29,2
DA:30,2
DA:31,2
DA:32,2
DA:33,2
DA:34,2
DA:35,2
DA:36,2
DA:37,2
DA:38,2
DA:39,2
DA:40,2
DA:41,2
DA:42,2
DA:43,2
DA:44,2
DA:45,2
DA:46,2
DA:47,2
DA:48,2
DA:49,2
DA:50,2
DA:51,2
DA:52,2
DA:53,2
DA:54,3
LF:54
LH:54
BRDA:10,0,0,3
BRDA:11,1,0,3
BRDA:16,2,0,2
BRDA:17,3,0,0
BRDA:32,4,0,0
BRDA:32,5,0,4
BRDA:32,6,0,4
BRDA:35,7,0,4
BRDA:36,8,0,4
BRDA:37,9,0,4
BRDA:38,10,0,4
BRDA:39,11,0,4
BRF:12
BRH:10
end_of_record
TN:
SF:apps/api-server/src/review/application/query/Find.query.ts
FN:3,<instance_members_initializer>
FN:4,FindQuery
FNF:2
FNH:2
FNDA:3,<instance_members_initializer>
FNDA:3,FindQuery
DA:1,1
DA:2,1
DA:3,1
DA:4,3
DA:5,3
DA:6,3
DA:7,3
DA:8,3
LF:8
LH:8
BRDA:3,0,0,3
BRDA:4,1,0,3
BRF:2
BRH:2
end_of_record
TN:
SF:apps/api-server/src/review/application/query/index.ts
FN:1,get
FN:2,get
FNF:2
FNH:2
FNDA:3,get
FNDA:3,get
DA:1,1
DA:2,1
LF:2
LH:2
BRDA:1,0,0,3
BRDA:2,1,0,3
BRF:2
BRH:2
end_of_record
TN:
SF:apps/api-server/src/review/infrastructure/rdb/repositories/index.ts
FN:1,get
FNF:1
FNH:1
FNDA:3,get
DA:1,1
LF:1
LH:1
BRDA:1,0,0,3
BRF:1
BRH:1
end_of_record
TN:
SF:apps/api-server/src/review/infrastructure/rdb/repositories/provider.ts
FNF:0
FNH:0
DA:1,1
DA:2,1
DA:3,1
DA:4,1
DA:5,1
DA:6,1
DA:7,1
LF:7
LH:7
BRF:0
BRH:0
end_of_record
TN:
SF:apps/api-server/src/review/presentation/controllers/Review.controller.ts
FN:30,<instance_members_initializer>
FN:31,ReviewController
FN:41,read
FN:61,create
FN:81,update
FN:100,delete
FNF:6
FNH:6
FNDA:3,<instance_members_initializer>
FNDA:3,ReviewController
FNDA:2,read
FNDA:2,create
FNDA:2,update
FNDA:2,delete
DA:1,1
DA:2,1
DA:3,1
DA:4,1
DA:5,1
DA:6,1
DA:7,1
DA:8,1
DA:9,1
DA:10,1
DA:11,1
DA:12,1
DA:13,1
DA:14,1
DA:15,1
DA:16,1
DA:17,1
DA:18,1
DA:19,1
DA:20,1
DA:21,1
DA:22,1
DA:23,1
DA:24,1
DA:25,1
DA:26,1
DA:27,1
DA:28,1
DA:29,1
DA:30,1
DA:31,3
DA:32,3
DA:33,3
DA:34,3
DA:35,3
DA:36,3
DA:37,3
DA:38,3
DA:39,3
DA:40,3
DA:41,3
DA:42,2
DA:43,2
DA:44,2
DA:45,2
DA:46,2
DA:47,2
DA:48,2
DA:49,2
DA:50,2
DA:51,2
DA:52,2
DA:53,2
DA:54,2
DA:55,3
DA:56,3
DA:57,3
DA:58,3
DA:59,3
DA:60,3
DA:61,3
DA:62,2
DA:63,2
DA:64,2
DA:65,2
DA:66,2
DA:67,2
DA:68,2
DA:69,2
DA:70,2
DA:71,2
DA:72,2
DA:73,2
DA:74,2
DA:75,3
DA:76,3
DA:77,3
DA:78,3
DA:79,3
DA:80,3
DA:81,3
DA:82,2
DA:83,2
DA:84,2
DA:85,2
DA:86,2
DA:87,2
DA:88,2
DA:89,2
DA:90,2
DA:91,2
DA:92,2
DA:93,2
DA:94,2
DA:95,3
DA:96,3
DA:97,3
DA:98,3
DA:99,3
DA:100,3
DA:101,2
DA:102,2
DA:103,2
DA:104,2
DA:105,2
DA:106,2
DA:107,2
DA:108,2
DA:109,2
DA:110,2
DA:111,3
LF:111
LH:111
BRDA:30,0,0,3
BRDA:31,1,0,3
BRDA:41,2,0,2
BRDA:61,3,0,2
BRDA:81,4,0,2
BRDA:100,5,0,2
BRF:6
BRH:6
end_of_record
TN:
SF:apps/api-server/src/review/presentation/controllers/index.ts
FN:1,get
FNF:1
FNH:1
FNDA:3,get
DA:1,1
LF:1
LH:1
BRDA:1,0,0,3
BRF:1
BRH:1
end_of_record
TN:
SF:apps/api-server/src/review/presentation/dto/index.ts
FN:3,get
FN:4,get
FN:5,get
FN:7,get
FN:8,get
FN:9,get
FNF:6
FNH:5
FNDA:3,get
FNDA:6,get
FNDA:3,get
FNDA:3,get
FNDA:3,get
FNDA:0,get
DA:1,1
DA:2,1
DA:3,1
DA:4,1
DA:5,1
DA:6,1
DA:7,1
DA:8,1
DA:9,1
LF:9
LH:9
BRDA:3,0,0,3
BRDA:4,1,0,6
BRDA:5,2,0,3
BRDA:7,3,0,3
BRDA:8,4,0,3
BRF:5
BRH:5
end_of_record
TN:
SF:apps/api-server/src/shared/dto/index.ts
FN:1,get
FN:2,get
FN:3,get
FN:3,get
FN:4,get
FNF:5
FNH:4
FNDA:0,get
FNDA:18,get
FNDA:9,get
FNDA:27,get
FNDA:135,get
DA:1,1
DA:2,1
DA:3,1
DA:4,1
DA:5,1
LF:5
LH:5
BRDA:2,0,0,18
BRDA:3,1,0,9
BRDA:3,2,0,27
BRDA:4,3,0,135
BRF:4
BRH:4
end_of_record
TN:
SF:apps/api-server/src/shared/mappers/index.ts
FN:1,get
FNF:1
FNH:1
FNDA:3,get
DA:1,1
LF:1
LH:1
BRDA:1,0,0,3
BRF:1
BRH:1
end_of_record
TN:
SF:apps/api-server/src/shared/mappers/to_FilterDTO.ts
FN:13,to_FilterDTO
FNF:1
FNH:1
FNDA:3,to_FilterDTO
DA:1,1
DA:2,1
DA:3,1
DA:4,1
DA:5,1
DA:6,1
DA:7,1
DA:8,1
DA:9,1
DA:10,1
DA:11,1
DA:12,1
DA:13,3
DA:14,3
DA:15,3
DA:16,3
DA:17,6
DA:18,6
DA:19,6
DA:20,6
DA:21,3
DA:22,3
LF:22
LH:22
BRDA:13,0,0,3
BRDA:16,1,0,6
BRDA:17,2,0,0
BRF:3
BRH:2
end_of_record
TN:
SF:apps/api-server/src/shared/repositories/base.repository.mixin.ts
FN:6,with_transaction
FNF:1
FNH:0
FNDA:0,with_transaction
DA:1,1
DA:2,1
DA:3,1
DA:4,1
DA:5,1
DA:6,1
DA:7,0
DA:8,1
DA:9,1
DA:10,1
DA:11,1
LF:11
LH:10
BRF:0
BRH:0
end_of_record
TN:
SF:apps/api-server/src/shared/repositories/createRepositoryProvider.ts
FN:9,createRepositoryProvider
FN:17,useFactory
FNF:2
FNH:2
FNDA:33,createRepositoryProvider
FNDA:33,useFactory
DA:1,1
DA:2,1
DA:3,1
DA:4,1
DA:5,1
DA:6,1
DA:7,1
DA:8,1
DA:9,33
DA:10,33
DA:11,33
DA:12,33
DA:13,33
DA:14,33
DA:15,33
DA:16,33
DA:17,33
DA:18,33
DA:19,33
DA:20,33
DA:21,33
DA:22,33
DA:23,33
LF:23
LH:23
BRDA:9,0,0,33
BRDA:17,1,0,33
BRF:2
BRH:2
end_of_record
TN:
SF:apps/api-server/src/shared/repositories/index.ts
FN:1,get
FN:2,get
FNF:2
FNH:1
FNDA:0,get
FNDA:33,get
DA:1,1
DA:2,1
LF:2
LH:2
BRDA:2,0,0,33
BRF:1
BRH:1
end_of_record
TN:
SF:apps/api-server/src/utility/extractDTOExample.ts
FN:3,extractDTOExample
FN:46,getModelProperties
FN:52,isFunction
FN:54,isString
FNF:4
FNH:4
FNDA:159,extractDTOExample
FNDA:156,getModelProperties
FNDA:801,isFunction
FNDA:801,isString
DA:1,1
DA:2,1
DA:3,159
DA:4,159
DA:5,159
DA:6,159
DA:7,159
DA:8,3
DA:9,3
DA:10,156
DA:11,156
DA:12,156
DA:13,156
DA:14,156
DA:15,159
DA:16,801
DA:17,801
DA:18,801
DA:19,801
DA:20,801
DA:21,801
DA:22,801
DA:23,801
DA:24,801
DA:25,801
DA:26,801
DA:27,801
DA:28,801
DA:29,801
DA:30,801
DA:31,681
DA:32,681
DA:33,681
DA:34,120
DA:35,120
DA:36,120
DA:37,801
DA:38,801
DA:39,3
DA:40,3
DA:41,801
DA:42,156
DA:43,156
DA:44,156
DA:45,1
DA:46,156
DA:47,156
DA:48,156
DA:49,156
DA:50,156
DA:51,156
DA:52,156
DA:53,156
DA:54,156
DA:55,156
DA:56,156
DA:57,156
DA:58,156
DA:59,156
DA:60,156
LF:60
LH:60
BRDA:3,0,0,159
BRDA:7,1,0,3
BRDA:10,2,0,156
BRDA:15,3,0,801
BRDA:26,4,0,0
BRDA:30,5,0,681
BRDA:34,6,0,120
BRDA:37,7,0,33
BRDA:37,8,0,84
BRDA:38,9,0,3
BRDA:39,10,0,0
BRDA:39,11,0,0
BRDA:42,12,0,156
BRDA:46,13,0,156
BRDA:50,14,0,0
BRDA:52,15,0,801
BRDA:54,16,0,801
BRDA:58,17,0,801
BRDA:59,18,0,801
BRF:19
BRH:15
end_of_record
TN:
SF:apps/projection-worker/src/__test-utils__/test-module.ts
FN:15,useFactory
FNF:1
FNH:1
FNDA:3,useFactory
DA:1,1
DA:2,1
DA:3,1
DA:4,1
DA:5,1
DA:6,1
DA:7,1
DA:8,1
DA:9,1
DA:10,1
DA:11,1
DA:12,1
DA:13,1
DA:14,1
DA:15,1
DA:16,3
DA:17,1
DA:18,1
DA:19,1
DA:20,1
DA:21,1
DA:22,1
DA:23,1
DA:24,1
DA:25,1
DA:26,1
DA:27,1
DA:28,1
DA:29,1
DA:30,1
DA:31,1
DA:32,1
LF:32
LH:32
BRDA:15,0,0,3
BRF:1
BRH:1
end_of_record
TN:
SF:apps/projection-worker/src/application/service.ts
FN:10,<instance_members_initializer>
FN:16,ConsumerService
FN:27,onModuleInit
FN:37,eachMessage
FN:50,onModuleDestroy
FN:56,dispatch
FNF:6
FNH:5
FNDA:10,<instance_members_initializer>
FNDA:10,ConsumerService
FNDA:2,onModuleInit
FNDA:0,eachMessage
FNDA:2,onModuleDestroy
FNDA:4,dispatch
DA:1,1
DA:2,1
DA:3,1
DA:4,1
DA:5,1
DA:6,1
DA:7,1
DA:8,1
DA:9,1
DA:10,1
DA:11,10
DA:12,10
DA:13,10
DA:14,10
DA:15,10
DA:16,10
DA:17,10
DA:18,10
DA:19,10
DA:20,10
DA:21,10
DA:22,10
DA:23,10
DA:24,10
DA:25,10
DA:26,10
DA:27,10
DA:28,2
DA:29,2
DA:30,2
DA:31,2
DA:32,2
DA:33,2
DA:34,2
DA:35,2
DA:36,2
DA:37,2
DA:38,0
DA:39,0
DA:40,0
DA:41,0
DA:42,0
DA:43,0
DA:44,2
DA:45,2
DA:46,2
DA:47,2
DA:48,2
DA:49,10
DA:50,10
DA:51,2
DA:52,2
DA:53,2
DA:54,2
DA:55,10
DA:56,10
DA:57,4
DA:58,4
DA:59,4
DA:60,4
DA:61,4
DA:62,4
DA:63,2
DA:64,2
DA:65,2
DA:66,2
DA:67,2
DA:68,2
DA:69,2
DA:70,2
DA:71,10
LF:71
LH:65
BRDA:10,0,0,10
BRDA:16,1,0,10
BRDA:27,2,0,2
BRDA:50,3,0,2
BRDA:56,4,0,4
BRDA:62,5,0,2
BRF:6
BRH:6
end_of_record
TN:
SF:apps/projection-worker/src/application/topicEventMap.ts
FNF:0
FNH:0
DA:1,1
DA:2,1
DA:3,1
DA:4,1
DA:5,1
DA:6,1
DA:7,1
DA:8,1
DA:9,1
DA:10,1
DA:11,1
DA:12,1
DA:13,1
DA:14,1
DA:15,1
DA:16,1
DA:17,1
DA:18,1
DA:19,1
DA:20,1
DA:21,1
DA:22,1
DA:23,1
DA:24,1
DA:25,1
DA:26,1
DA:27,1
DA:28,1
DA:29,1
DA:30,1
DA:31,1
DA:32,1
DA:33,1
DA:34,1
DA:35,1
DA:36,1
DA:37,1
DA:38,1
DA:39,1
DA:40,1
DA:41,1
DA:42,1
DA:43,1
DA:44,1
DA:45,1
DA:46,1
DA:47,1
DA:48,1
DA:49,1
DA:50,1
DA:51,1
DA:52,1
DA:53,1
DA:54,1
DA:55,1
DA:56,1
DA:57,1
DA:58,1
DA:59,1
DA:60,1
DA:61,1
DA:62,1
LF:62
LH:62
BRF:0
BRH:0
end_of_record
TN:
SF:apps/projection-worker/src/application/events/BaseEvent.ts
FN:3,<instance_members_initializer>
FN:4,BaseEvent
FNF:2
FNH:2
FNDA:30,<instance_members_initializer>
FNDA:30,BaseEvent
DA:1,1
DA:2,1
DA:3,1
DA:4,30
DA:5,30
DA:6,30
DA:7,30
DA:8,30
DA:9,30
LF:9
LH:9
BRDA:3,0,0,30
BRDA:4,1,0,30
BRF:2
BRH:2
end_of_record
TN:
SF:apps/projection-worker/src/application/events/CategoryUpsert.event.ts
FNF:0
FNH:0
DA:1,1
DA:2,1
DA:3,1
LF:3
LH:3
BRF:0
BRH:0
end_of_record
TN:
SF:apps/projection-worker/src/application/events/CategoryUpsert.handler.ts
FN:11,<instance_members_initializer>
FN:12,CategoryUpsertHandler
FN:17,handle
FNF:3
FNH:3
FNDA:3,<instance_members_initializer>
FNDA:3,CategoryUpsertHandler
FNDA:2,handle
DA:1,1
DA:2,1
DA:3,1
DA:4,1
DA:5,1
DA:6,1
DA:7,1
DA:8,1
DA:9,1
DA:10,1
DA:11,1
DA:12,3
DA:13,3
DA:14,3
DA:15,3
DA:16,3
DA:17,3
DA:18,2
DA:19,2
DA:20,2
DA:21,2
DA:22,3
LF:22
LH:22
BRDA:11,0,0,3
BRDA:12,1,0,3
BRDA:17,2,0,2
BRF:3
BRH:3
end_of_record
TN:
SF:apps/projection-worker/src/application/events/MerchantUpsert.event.ts
FNF:0
FNH:0
DA:1,1
DA:2,1
DA:3,1
LF:3
LH:3
BRF:0
BRH:0
end_of_record
TN:
SF:apps/projection-worker/src/application/events/MerchantUpsert.handler.ts
FN:11,<instance_members_initializer>
FN:12,MerchantUpsertHandler
FN:19,handle
FNF:3
FNH:3
FNDA:3,<instance_members_initializer>
FNDA:3,MerchantUpsertHandler
FNDA:6,handle
DA:1,1
DA:2,1
DA:3,1
DA:4,1
DA:5,1
DA:6,1
DA:7,1
DA:8,1
DA:9,1
DA:10,1
DA:11,1
DA:12,3
DA:13,3
DA:14,3
DA:15,3
DA:16,3
DA:17,3
DA:18,3
DA:19,3
DA:20,6
DA:21,6
DA:22,2
DA:23,2
DA:24,2
DA:25,2
DA:26,2
DA:27,2
DA:28,2
DA:29,2
DA:30,2
DA:31,2
DA:32,2
DA:33,2
DA:34,2
DA:35,2
DA:36,2
DA:37,6
DA:38,6
DA:39,2
DA:40,2
DA:41,2
DA:42,2
DA:43,2
DA:44,2
DA:45,2
DA:46,2
DA:47,2
DA:48,2
DA:49,2
DA:50,6
DA:51,6
DA:52,3
LF:52
LH:52
BRDA:11,0,0,3
BRDA:12,1,0,3
BRDA:19,2,0,6
BRDA:21,3,0,2
BRDA:38,4,0,2
BRF:5
BRH:5
end_of_record
TN:
SF:apps/projection-worker/src/application/events/ProductDelete.event.ts
FNF:0
FNH:0
DA:1,1
DA:2,1
DA:3,1
LF:3
LH:3
BRF:0
BRH:0
end_of_record
TN:
SF:apps/projection-worker/src/application/events/ProductDelete.handler.ts
FN:10,<instance_members_initializer>
FN:11,ProductDeleteHandler
FN:18,handle
FNF:3
FNH:3
FNDA:3,<instance_members_initializer>
FNDA:3,ProductDeleteHandler
FNDA:2,handle
DA:1,1
DA:2,1
DA:3,1
DA:4,1
DA:5,1
DA:6,1
DA:7,1
DA:8,1
DA:9,1
DA:10,1
DA:11,3
DA:12,3
DA:13,3
DA:14,3
DA:15,3
DA:16,3
DA:17,3
DA:18,3
DA:19,2
DA:20,2
DA:21,2
DA:22,2
DA:23,3
LF:23
LH:23
BRDA:10,0,0,3
BRDA:11,1,0,3
BRDA:18,2,0,2
BRF:3
BRH:3
end_of_record
TN:
SF:apps/projection-worker/src/application/events/ProductOptionDelete.event.ts
FNF:0
FNH:0
DA:1,1
DA:2,1
DA:3,1
LF:3
LH:3
BRF:0
BRH:0
end_of_record
TN:
SF:apps/projection-worker/src/application/events/ProductOptionDelete.handler.ts
FN:11,<instance_members_initializer>
FN:12,ProductOptionDeleteHandler
FN:19,handle
FNF:3
FNH:3
FNDA:3,<instance_members_initializer>
FNDA:3,ProductOptionDeleteHandler
FNDA:10,handle
DA:1,1
DA:2,1
DA:3,1
DA:4,1
DA:5,1
DA:6,1
DA:7,1
DA:8,1
DA:9,1
DA:10,1
DA:11,1
DA:12,3
DA:13,3
DA:14,3
DA:15,3
DA:16,3
DA:17,3
DA:18,3
DA:19,3
DA:20,10
DA:21,10
DA:22,4
DA:23,4
DA:24,4
DA:25,4
DA:26,4
DA:27,4
DA:28,2
DA:29,4
DA:30,4
DA:31,4
DA:32,2
DA:33,2
DA:34,2
DA:35,4
DA:36,4
DA:37,4
DA:38,4
DA:39,4
DA:40,4
DA:41,4
DA:42,4
DA:43,2
DA:44,2
DA:45,10
DA:46,10
DA:47,6
DA:48,6
DA:49,6
DA:50,6
DA:51,6
DA:52,6
DA:53,6
DA:54,6
DA:55,6
DA:56,6
DA:57,6
DA:58,6
DA:59,6
DA:60,6
DA:61,6
DA:62,6
DA:63,6
DA:64,2
DA:65,2
DA:66,2
DA:67,2
DA:68,2
DA:69,2
DA:70,2
DA:71,2
DA:72,10
DA:73,10
DA:74,3
LF:74
LH:74
BRDA:11,0,0,3
BRDA:12,1,0,3
BRDA:19,2,0,10
BRDA:21,3,0,4
BRDA:27,4,0,2
BRDA:43,5,0,2
BRDA:46,6,0,6
BRDA:52,7,0,4
BRDA:52,8,0,2
BRDA:63,9,0,4
BRDA:64,10,0,2
BRDA:29,11,0,4
BRDA:31,12,0,2
BRDA:35,13,0,2
BRDA:33,14,0,4
BRDA:52,15,0,8
BRF:16
BRH:16
end_of_record
TN:
SF:apps/projection-worker/src/application/events/ProductOptionUpsert.event.ts
FNF:0
FNH:0
DA:1,1
DA:2,1
DA:3,1
LF:3
LH:3
BRF:0
BRH:0
end_of_record
TN:
SF:apps/projection-worker/src/application/events/ProductOptionUpsert.handler.ts
FN:11,<instance_members_initializer>
FN:12,ProductOptionUpsertHandler
FN:19,handle
FNF:3
FNH:3
FNDA:3,<instance_members_initializer>
FNDA:3,ProductOptionUpsertHandler
FNDA:8,handle
DA:1,1
DA:2,1
DA:3,1
DA:4,1
DA:5,1
DA:6,1
DA:7,1
DA:8,1
DA:9,1
DA:10,1
DA:11,1
DA:12,3
DA:13,3
DA:14,3
DA:15,3
DA:16,3
DA:17,3
DA:18,3
DA:19,3
DA:20,8
DA:21,8
DA:22,2
DA:23,2
DA:24,2
DA:25,2
DA:26,2
DA:27,2
DA:28,2
DA:29,2
DA:30,2
DA:31,2
DA:32,2
DA:33,2
DA:34,2
DA:35,2
DA:36,2
DA:37,2
DA:38,0
DA:39,0
DA:40,0
DA:41,0
DA:42,0
DA:43,0
DA:44,0
DA:45,0
DA:46,0
DA:47,0
DA:48,0
DA:49,0
DA:50,2
DA:51,2
DA:52,8
DA:53,8
DA:54,6
DA:55,6
DA:56,6
DA:57,6
DA:58,6
DA:59,6
DA:60,6
DA:61,6
DA:62,6
DA:63,6
DA:64,6
DA:65,6
DA:66,6
DA:67,6
DA:68,6
DA:69,6
DA:70,6
DA:71,2
DA:72,2
DA:73,2
DA:74,2
DA:75,2
DA:76,2
DA:77,2
DA:78,2
DA:79,2
DA:80,2
DA:81,2
DA:82,8
DA:83,8
DA:84,3
LF:84
LH:72
BRDA:11,0,0,3
BRDA:12,1,0,3
BRDA:19,2,0,8
BRDA:21,3,0,2
BRDA:37,4,0,0
BRDA:53,5,0,6
BRDA:59,6,0,2
BRDA:59,7,0,4
BRDA:70,8,0,4
BRDA:71,9,0,2
BRDA:59,10,0,2
BRF:11
BRH:10
end_of_record
TN:
SF:apps/projection-worker/src/application/events/ProductUpsert.event.ts
FNF:0
FNH:0
DA:1,1
DA:2,1
DA:3,1
LF:3
LH:3
BRF:0
BRH:0
end_of_record
TN:
SF:apps/projection-worker/src/application/events/ProductUpsert.handler.ts
FN:19,<instance_members_initializer>
FN:20,ProductUpsertHandler
FN:31,handle
FNF:3
FNH:3
FNDA:3,<instance_members_initializer>
FNDA:3,ProductUpsertHandler
FNDA:14,handle
DA:1,1
DA:2,1
DA:3,1
DA:4,1
DA:5,1
DA:6,1
DA:7,1
DA:8,1
DA:9,1
DA:10,1
DA:11,1
DA:12,1
DA:13,1
DA:14,1
DA:15,1
DA:16,1
DA:17,1
DA:18,1
DA:19,1
DA:20,3
DA:21,3
DA:22,3
DA:23,3
DA:24,3
DA:25,3
DA:26,3
DA:27,3
DA:28,3
DA:29,3
DA:30,3
DA:31,3
DA:32,14
DA:33,14
DA:34,2
DA:35,2
DA:36,2
DA:37,2
DA:38,2
DA:39,2
DA:40,2
DA:41,2
DA:42,2
DA:43,2
DA:44,2
DA:45,2
DA:46,2
DA:47,2
DA:48,2
DA:49,2
DA:50,2
DA:51,2
DA:52,2
DA:53,2
DA:54,2
DA:55,2
DA:56,2
DA:57,14
DA:58,14
DA:59,2
DA:60,2
DA:61,2
DA:62,2
DA:63,2
DA:64,2
DA:65,2
DA:66,2
DA:67,2
DA:68,14
DA:69,14
DA:70,2
DA:71,2
DA:72,2
DA:73,2
DA:74,2
DA:75,2
DA:76,2
DA:77,2
DA:78,2
DA:79,2
DA:80,2
DA:81,2
DA:82,2
DA:83,2
DA:84,2
DA:85,2
DA:86,2
DA:87,2
DA:88,2
DA:89,2
DA:90,2
DA:91,2
DA:92,2
DA:93,2
DA:94,2
DA:95,2
DA:96,2
DA:97,2
DA:98,2
DA:99,2
DA:100,2
DA:101,2
DA:102,2
DA:103,2
DA:104,2
DA:105,2
DA:106,2
DA:107,2
DA:108,14
DA:109,14
DA:110,2
DA:111,2
DA:112,2
DA:113,2
DA:114,2
DA:115,2
DA:116,2
DA:117,2
DA:118,2
DA:119,2
DA:120,2
DA:121,2
DA:122,2
DA:123,14
DA:124,14
DA:125,4
DA:126,4
DA:127,4
DA:128,4
DA:129,4
DA:130,4
DA:131,4
DA:132,4
DA:133,4
DA:134,4
DA:135,4
DA:136,4
DA:137,4
DA:138,0
DA:139,0
DA:140,0
DA:141,0
DA:142,0
DA:143,0
DA:144,0
DA:145,0
DA:146,0
DA:147,4
DA:148,4
DA:149,14
DA:150,14
DA:151,2
DA:152,2
DA:153,2
DA:154,2
DA:155,2
DA:156,2
DA:157,2
DA:158,2
DA:159,2
DA:160,2
DA:161,2
DA:162,2
DA:163,2
DA:164,2
DA:165,2
DA:166,14
DA:167,14
DA:168,3
LF:168
LH:159
BRDA:19,0,0,3
BRDA:20,1,0,3
BRDA:31,2,0,14
BRDA:33,3,0,2
BRDA:58,4,0,2
BRDA:69,5,0,2
BRDA:91,6,0,0
BRDA:109,7,0,2
BRDA:113,8,0,0
BRDA:124,9,0,4
BRDA:137,10,0,0
BRDA:150,11,0,2
BRDA:157,12,0,0
BRDA:91,13,0,2
BRDA:157,14,0,2
BRF:15
BRH:11
end_of_record
TN:
SF:apps/projection-worker/src/application/events/ReviewCreate.event.ts
FNF:0
FNH:0
DA:1,1
DA:2,1
DA:3,1
LF:3
LH:3
BRF:0
BRH:0
end_of_record
TN:
SF:apps/projection-worker/src/application/events/ReviewCreate.handler.ts
FN:11,<instance_members_initializer>
FN:12,ReviewCreateHandler
FN:19,handle
FNF:3
FNH:3
FNDA:3,<instance_members_initializer>
FNDA:3,ReviewCreateHandler
FNDA:4,handle
DA:1,1
DA:2,1
DA:3,1
DA:4,1
DA:5,1
DA:6,1
DA:7,1
DA:8,1
DA:9,1
DA:10,1
DA:11,1
DA:12,3
DA:13,3
DA:14,3
DA:15,3
DA:16,3
DA:17,3
DA:18,3
DA:19,3
DA:20,4
DA:21,4
DA:22,4
DA:23,4
DA:24,4
DA:25,4
DA:26,2
DA:27,2
DA:28,2
DA:29,2
DA:30,4
DA:31,4
DA:32,4
DA:33,4
DA:34,4
DA:35,4
DA:36,4
DA:37,4
DA:38,4
DA:39,4
DA:40,4
DA:41,4
DA:42,4
DA:43,4
DA:44,4
DA:45,4
DA:46,4
DA:47,3
LF:47
LH:47
BRDA:11,0,0,3
BRDA:12,1,0,3
BRDA:19,2,0,4
BRDA:23,3,0,0
BRDA:25,4,0,2
BRF:5
BRH:4
end_of_record
TN:
SF:apps/projection-worker/src/application/events/ReviewDelete.event.ts
FNF:0
FNH:0
DA:1,1
DA:2,1
DA:3,1
LF:3
LH:3
BRF:0
BRH:0
end_of_record
TN:
SF:apps/projection-worker/src/application/events/ReviewDelete.handler.ts
FN:11,<instance_members_initializer>
FN:12,ReviewDeleteHandler
FN:19,handle
FNF:3
FNH:3
FNDA:3,<instance_members_initializer>
FNDA:3,ReviewDeleteHandler
FNDA:4,handle
DA:1,1
DA:2,1
DA:3,1
DA:4,1
DA:5,1
DA:6,1
DA:7,1
DA:8,1
DA:9,1
DA:10,1
DA:11,1
DA:12,3
DA:13,3
DA:14,3
DA:15,3
DA:16,3
DA:17,3
DA:18,3
DA:19,3
DA:20,4
DA:21,4
DA:22,4
DA:23,4
DA:24,4
DA:25,4
DA:26,2
DA:27,2
DA:28,2
DA:29,2
DA:30,4
DA:31,4
DA:32,4
DA:33,4
DA:34,4
DA:35,4
DA:36,4
DA:37,4
DA:38,4
DA:39,4
DA:40,4
DA:41,4
DA:42,4
DA:43,4
DA:44,4
DA:45,4
DA:46,4
DA:47,3
LF:47
LH:47
BRDA:11,0,0,3
BRDA:12,1,0,3
BRDA:19,2,0,4
BRDA:23,3,0,0
BRDA:25,4,0,2
BRF:5
BRH:4
end_of_record
TN:
SF:apps/projection-worker/src/application/events/ReviewUpdate.event.ts
FNF:0
FNH:0
DA:1,1
DA:2,1
DA:3,1
LF:3
LH:3
BRF:0
BRH:0
end_of_record
TN:
SF:apps/projection-worker/src/application/events/ReviewUpdate.handler.ts
FN:11,<instance_members_initializer>
FN:12,ReviewUpdateHandler
FN:19,handle
FNF:3
FNH:3
FNDA:3,<instance_members_initializer>
FNDA:3,ReviewUpdateHandler
FNDA:4,handle
DA:1,1
DA:2,1
DA:3,1
DA:4,1
DA:5,1
DA:6,1
DA:7,1
DA:8,1
DA:9,1
DA:10,1
DA:11,1
DA:12,3
DA:13,3
DA:14,3
DA:15,3
DA:16,3
DA:17,3
DA:18,3
DA:19,3
DA:20,4
DA:21,4
DA:22,4
DA:23,4
DA:24,4
DA:25,4
DA:26,4
DA:27,2
DA:28,2
DA:29,2
DA:30,2
DA:31,4
DA:32,4
DA:33,4
DA:34,4
DA:35,4
DA:36,4
DA:37,4
DA:38,4
DA:39,4
DA:40,4
DA:41,4
DA:42,4
DA:43,4
DA:44,4
DA:45,4
DA:46,4
DA:47,4
DA:48,3
LF:48
LH:48
BRDA:11,0,0,3
BRDA:12,1,0,3
BRDA:19,2,0,4
BRDA:24,3,0,0
BRDA:26,4,0,2
BRF:5
BRH:4
end_of_record
TN:
SF:apps/projection-worker/src/application/events/TagUpsert.event.ts
FNF:0
FNH:0
DA:1,1
DA:2,1
DA:3,1
LF:3
LH:3
BRF:0
BRH:0
end_of_record
TN:
SF:apps/projection-worker/src/application/events/TagUpsert.handler.ts
FN:11,<instance_members_initializer>
FN:12,TagUpsertHandler
FN:17,handle
FNF:3
FNH:3
FNDA:3,<instance_members_initializer>
FNDA:3,TagUpsertHandler
FNDA:2,handle
DA:1,1
DA:2,1
DA:3,1
DA:4,1
DA:5,1
DA:6,1
DA:7,1
DA:8,1
DA:9,1
DA:10,1
DA:11,1
DA:12,3
DA:13,3
DA:14,3
DA:15,3
DA:16,3
DA:17,3
DA:18,2
DA:19,2
DA:20,2
DA:21,2
DA:22,3
LF:22
LH:22
BRDA:11,0,0,3
BRDA:12,1,0,3
BRDA:17,2,0,2
BRF:3
BRH:3
end_of_record
TN:
SF:apps/projection-worker/src/application/events/index.ts
FN:1,get
FN:2,get
FN:3,get
FN:4,get
FN:6,get
FN:7,get
FN:9,get
FN:10,get
FN:11,get
FN:12,get
FN:13,get
FN:14,get
FN:16,get
FN:17,get
FN:18,get
FN:19,get
FN:21,get
FN:22,get
FN:24,get
FN:25,get
FNF:20
FNH:20
FNDA:3,get
FNDA:3,get
FNDA:3,get
FNDA:3,get
FNDA:3,get
FNDA:3,get
FNDA:3,get
FNDA:3,get
FNDA:3,get
FNDA:3,get
FNDA:3,get
FNDA:3,get
FNDA:3,get
FNDA:3,get
FNDA:3,get
FNDA:3,get
FNDA:3,get
FNDA:3,get
FNDA:3,get
FNDA:3,get
DA:1,1
DA:2,1
DA:3,1
DA:4,1
DA:5,1
DA:6,1
DA:7,1
DA:8,1
DA:9,1
DA:10,1
DA:11,1
DA:12,1
DA:13,1
DA:14,1
DA:15,1
DA:16,1
DA:17,1
DA:18,1
DA:19,1
DA:20,1
DA:21,1
DA:22,1
DA:23,1
DA:24,1
DA:25,1
LF:25
LH:25
BRDA:1,0,0,3
BRDA:2,1,0,3
BRDA:3,2,0,3
BRDA:4,3,0,3
BRDA:6,4,0,3
BRDA:7,5,0,3
BRDA:9,6,0,3
BRDA:10,7,0,3
BRDA:11,8,0,3
BRDA:12,9,0,3
BRDA:13,10,0,3
BRDA:14,11,0,3
BRDA:16,12,0,3
BRDA:17,13,0,3
BRDA:18,14,0,3
BRDA:19,15,0,3
BRDA:21,16,0,3
BRDA:22,17,0,3
BRDA:24,18,0,3
BRDA:25,19,0,3
BRF:20
BRH:20
end_of_record
TN:
SF:apps/projection-worker/src/infrastructure/model/index.ts
FN:1,get
FN:3,get
FN:4,get
FNF:3
FNH:3
FNDA:3,get
FNDA:3,get
FNDA:3,get
DA:1,1
DA:2,1
DA:3,1
DA:4,1
LF:4
LH:4
BRDA:1,0,0,3
BRDA:3,1,0,3
BRDA:4,2,0,3
BRF:3
BRH:3
end_of_record
TN:
SF:apps/projection-worker/src/infrastructure/model/provider.ts
FNF:0
FNH:0
DA:1,1
DA:2,1
DA:3,1
DA:4,1
DA:5,1
DA:6,1
DA:7,1
DA:8,1
DA:9,1
DA:10,1
DA:11,1
DA:12,1
DA:13,1
DA:14,1
DA:15,1
LF:15
LH:15
BRF:0
BRH:0
end_of_record
TN:
SF:apps/projection-worker/src/infrastructure/repository/index.ts
FN:1,get
FNF:1
FNH:1
FNDA:3,get
DA:1,1
LF:1
LH:1
BRDA:1,0,0,3
BRF:1
BRH:1
end_of_record
TN:
SF:apps/projection-worker/src/infrastructure/repository/provider.ts
FNF:0
FNH:0
DA:1,1
DA:2,1
DA:3,1
DA:4,1
DA:5,1
DA:6,1
DA:7,1
DA:8,1
LF:8
LH:8
BRF:0
BRH:0
end_of_record
TN:
SF:libs/infrastructure/mongo/src/models/index.ts
FN:1,get
FN:2,get
FN:3,get
FN:5,get
FNF:4
FNH:4
FNDA:3,get
FNDA:3,get
FNDA:3,get
FNDA:3,get
DA:1,1
DA:2,1
DA:3,1
DA:4,1
DA:5,1
LF:5
LH:5
BRDA:1,0,0,3
BRDA:2,1,0,3
BRDA:3,2,0,3
BRDA:5,3,0,3
BRF:4
BRH:4
end_of_record
TN:
SF:libs/infrastructure/mongo/src/models/provider.ts
FNF:0
FNH:0
DA:1,1
DA:2,1
DA:3,1
DA:4,1
DA:5,1
DA:6,1
DA:7,1
DA:8,1
DA:9,1
DA:10,1
DA:11,1
DA:12,1
DA:13,1
DA:14,1
DA:15,1
DA:16,1
DA:17,1
DA:18,1
DA:19,1
DA:20,1
LF:20
LH:20
BRF:0
BRH:0
end_of_record
TN:
SF:libs/infrastructure/mongo/src/repositories/Query.repository.ts
FN:17,<instance_members_initializer>
FN:18,QueryRepository
FN:20,find
FN:45,findOne
FN:60,save
FN:64,updateOne
FN:72,update
FN:80,delete
FN:84,aggregate
FN:90,get model_name
FNF:10
FNH:10
FNDA:13,<instance_members_initializer>
FNDA:13,QueryRepository
FNDA:2,find
FNDA:2,findOne
FNDA:2,save
FNDA:2,updateOne
FNDA:2,update
FNDA:2,delete
FNDA:2,aggregate
FNDA:3,get model_name
DA:1,1
DA:2,1
DA:3,1
DA:4,1
DA:5,1
DA:6,1
DA:7,1
DA:8,1
DA:9,1
DA:10,1
DA:11,1
DA:12,1
DA:13,1
DA:14,1
DA:15,1
DA:16,1
DA:17,1
DA:18,13
DA:19,13
DA:20,13
DA:21,2
DA:22,2
DA:23,2
DA:24,2
DA:25,2
DA:26,2
DA:27,2
DA:28,2
DA:29,2
DA:30,0
DA:31,0
DA:32,2
DA:33,2
DA:34,2
DA:35,2
DA:36,2
DA:37,2
DA:38,2
DA:39,2
DA:40,2
DA:41,2
DA:42,2
DA:43,2
DA:44,13
DA:45,13
DA:46,2
DA:47,2
DA:48,2
DA:49,2
DA:50,2
DA:51,2
DA:52,2
DA:53,0
DA:54,0
DA:55,2
DA:56,2
DA:57,2
DA:58,2
DA:59,13
DA:60,13
DA:61,2
DA:62,2
DA:63,13
DA:64,13
DA:65,2
DA:66,2
DA:67,2
DA:68,2
DA:69,2
DA:70,2
DA:71,13
DA:72,13
DA:73,2
DA:74,2
DA:75,2
DA:76,2
DA:77,2
DA:78,2
DA:79,13
DA:80,13
DA:81,2
DA:82,2
DA:83,13
DA:84,13
DA:85,2
DA:86,2
DA:87,2
DA:88,2
DA:89,13
DA:90,13
DA:91,3
DA:92,3
DA:93,13
LF:93
LH:89
BRDA:17,0,0,13
BRDA:18,1,0,13
BRDA:20,2,0,2
BRDA:29,3,0,0
BRDA:45,4,0,2
BRDA:52,5,0,0
BRDA:60,6,0,2
BRDA:64,7,0,2
BRDA:72,8,0,2
BRDA:80,9,0,2
BRDA:84,10,0,2
BRDA:87,11,0,2
BRDA:90,12,0,3
BRF:13
BRH:11
end_of_record
TN:
SF:libs/infrastructure/mongo/src/repositories/createQueryRepositoryProvider.ts
FN:12,createQueryRepositoryProvider
FN:19,useFactory
FNF:2
FNH:2
FNDA:13,createQueryRepositoryProvider
FNDA:13,useFactory
DA:1,1
DA:2,1
DA:3,1
DA:4,1
DA:5,1
DA:6,1
DA:7,1
DA:8,1
DA:9,1
DA:10,1
DA:11,1
DA:12,13
DA:13,13
DA:14,13
DA:15,13
DA:16,13
DA:17,13
DA:18,13
DA:19,13
DA:20,13
DA:21,13
LF:21
LH:21
BRDA:12,0,0,13
BRDA:19,1,0,13
BRF:2
BRH:2
end_of_record
TN:
SF:libs/infrastructure/mongo/src/repositories/index.ts
FN:1,get
FN:2,get
FNF:2
FNH:2
FNDA:3,get
FNDA:6,get
DA:1,1
DA:2,1
LF:2
LH:2
BRDA:1,0,0,3
BRDA:2,1,0,6
BRF:2
BRH:2
end_of_record
TN:
SF:libs/infrastructure/mongo/src/repositories/provider.ts
FNF:0
FNH:0
DA:1,1
DA:2,1
DA:3,1
DA:4,1
DA:5,1
DA:6,1
DA:7,1
DA:8,1
LF:8
LH:8
BRF:0
BRH:0
end_of_record
