TN:
SF:src/__test-utils__/getValidateDTO.ts
FN:4,Object.<anonymous>.exports.default
FNF:1
FNH:1
FNDA:5,Object.<anonymous>.exports.default
DA:1,1
DA:2,1
DA:3,1
DA:4,1
DA:5,5
DA:6,21
DA:7,21
DA:8,21
DA:9,21
DA:10,21
DA:11,21
LF:11
LH:11
BRDA:4,0,0,5
BRDA:5,1,0,21
BRDA:10,2,0,35
BRF:3
BRH:3
end_of_record
TN:
SF:src/__test-utils__/test-module.ts
FN:34,useFactory
FN:56,useFactory
FNF:2
FNH:2
FNDA:3,useFactory
FNDA:3,useFactory
DA:1,1
DA:2,1
DA:3,1
DA:4,1
DA:5,1
DA:6,1
DA:7,1
DA:8,1
DA:9,1
DA:10,1
DA:11,1
DA:12,1
DA:13,1
DA:14,1
DA:15,1
DA:16,1
DA:17,1
DA:18,1
DA:19,1
DA:20,1
DA:21,1
DA:22,1
DA:23,1
DA:24,1
DA:25,1
DA:26,1
DA:27,1
DA:28,1
DA:29,1
DA:30,1
DA:31,1
DA:32,1
DA:33,1
DA:34,1
DA:35,3
DA:36,3
DA:37,3
DA:38,3
DA:39,3
DA:40,3
DA:41,3
DA:42,3
DA:43,3
DA:44,3
DA:45,3
DA:46,3
DA:47,1
DA:48,1
DA:49,1
DA:50,1
DA:51,1
DA:52,1
DA:53,1
DA:54,1
DA:55,1
DA:56,1
DA:57,3
DA:58,1
DA:59,1
DA:60,1
DA:61,1
DA:62,1
DA:63,1
DA:64,1
DA:65,1
DA:66,1
DA:67,1
DA:68,1
DA:69,1
DA:70,1
DA:71,1
DA:72,1
DA:73,1
DA:74,1
DA:75,1
DA:76,1
DA:77,1
DA:78,1
DA:79,1
DA:80,1
DA:81,1
DA:82,1
DA:83,1
DA:84,1
DA:85,1
DA:86,1
DA:87,1
DA:88,1
DA:89,1
DA:90,1
DA:91,1
DA:92,1
DA:93,1
DA:94,1
DA:95,1
DA:96,1
LF:96
LH:96
BRDA:34,0,0,3
BRDA:56,1,0,3
BRF:2
BRH:2
end_of_record
TN:
SF:src/browsing/application/event/QueryRegister.event.ts
FN:1,<instance_members_initializer>
FN:2,QueryRegisterEvent
FNF:2
FNH:2
FNDA:4,<instance_members_initializer>
FNDA:4,QueryRegisterEvent
DA:1,1
DA:2,4
DA:3,4
LF:3
LH:3
BRDA:1,0,0,4
BRDA:2,1,0,4
BRF:2
BRH:2
end_of_record
TN:
SF:src/browsing/application/event/QueryRegister.handler.ts
FN:10,<instance_members_initializer>
FN:11,QueryRegisterHandler
FN:23,handle
FNF:3
FNH:3
FNDA:3,<instance_members_initializer>
FNDA:3,QueryRegisterHandler
FNDA:3,handle
DA:1,1
DA:2,1
DA:3,1
DA:4,1
DA:5,1
DA:6,1
DA:7,1
DA:8,1
DA:9,1
DA:10,1
DA:11,3
DA:12,3
DA:13,3
DA:14,3
DA:15,3
DA:16,3
DA:17,3
DA:18,3
DA:19,3
DA:20,3
DA:21,3
DA:22,3
DA:23,3
DA:24,3
DA:25,3
DA:26,3
DA:27,3
DA:28,3
DA:29,1
DA:30,1
DA:31,1
DA:32,1
DA:33,1
DA:34,2
DA:35,2
DA:36,2
DA:37,2
DA:38,2
DA:39,2
DA:40,2
DA:41,3
DA:42,1
DA:43,1
DA:44,1
DA:45,1
DA:46,1
DA:47,1
DA:48,1
DA:49,1
DA:50,1
DA:51,1
DA:52,3
LF:52
LH:52
BRDA:10,0,0,3
BRDA:11,1,0,3
BRDA:23,2,0,3
BRDA:28,3,0,1
BRDA:34,4,0,2
BRDA:41,5,0,1
BRF:6
BRH:6
end_of_record
TN:
SF:src/browsing/application/event/QueryRemove.event.ts
FN:1,<instance_members_initializer>
FN:2,QueryRemoveEvent
FNF:2
FNH:2
FNDA:3,<instance_members_initializer>
FNDA:3,QueryRemoveEvent
DA:1,1
DA:2,3
DA:3,3
LF:3
LH:3
BRDA:1,0,0,3
BRDA:2,1,0,3
BRF:2
BRH:2
end_of_record
TN:
SF:src/browsing/application/event/QueryRemove.handler.ts
FN:9,<instance_members_initializer>
FN:10,QueryRemoveHandler
FN:17,handle
FNF:3
FNH:3
FNDA:3,<instance_members_initializer>
FNDA:3,QueryRemoveHandler
FNDA:3,handle
DA:1,1
DA:2,1
DA:3,1
DA:4,1
DA:5,1
DA:6,1
DA:7,1
DA:8,1
DA:9,1
DA:10,3
DA:11,3
DA:12,3
DA:13,3
DA:14,3
DA:15,3
DA:16,3
DA:17,3
DA:18,3
DA:19,3
DA:20,2
DA:21,1
DA:22,1
DA:23,3
LF:23
LH:23
BRDA:9,0,0,3
BRDA:10,1,0,3
BRDA:17,2,0,3
BRDA:20,3,0,2
BRDA:21,4,0,1
BRF:5
BRH:5
end_of_record
TN:
SF:src/browsing/application/event/QueryUpdate.event.ts
FN:1,<instance_members_initializer>
FN:2,QueryUpdateEvent
FNF:2
FNH:2
FNDA:4,<instance_members_initializer>
FNDA:4,QueryUpdateEvent
DA:1,1
DA:2,4
DA:3,4
LF:3
LH:3
BRDA:1,0,0,4
BRDA:2,1,0,4
BRF:2
BRH:2
end_of_record
TN:
SF:src/browsing/application/event/QueryUpdate.handler.ts
FN:10,<instance_members_initializer>
FN:11,QueryUpdateHandler
FN:23,handle
FNF:3
FNH:3
FNDA:3,<instance_members_initializer>
FNDA:3,QueryUpdateHandler
FNDA:3,handle
DA:1,1
DA:2,1
DA:3,1
DA:4,1
DA:5,1
DA:6,1
DA:7,1
DA:8,1
DA:9,1
DA:10,1
DA:11,3
DA:12,3
DA:13,3
DA:14,3
DA:15,3
DA:16,3
DA:17,3
DA:18,3
DA:19,3
DA:20,3
DA:21,3
DA:22,3
DA:23,3
DA:24,3
DA:25,3
DA:26,3
DA:27,3
DA:28,3
DA:29,1
DA:30,1
DA:31,1
DA:32,1
DA:33,1
DA:34,2
DA:35,2
DA:36,2
DA:37,2
DA:38,2
DA:39,2
DA:40,2
DA:41,3
DA:42,1
DA:43,1
DA:44,1
DA:45,1
DA:46,1
DA:47,1
DA:48,1
DA:49,1
DA:50,1
DA:51,1
DA:52,3
LF:52
LH:52
BRDA:10,0,0,3
BRDA:11,1,0,3
BRDA:23,2,0,3
BRDA:28,3,0,1
BRDA:34,4,0,2
BRDA:41,5,0,1
BRF:6
BRH:6
end_of_record
TN:
SF:src/browsing/application/event/index.ts
FN:1,get
FN:2,get
FN:3,get
FN:4,get
FN:5,get
FN:6,get
FNF:6
FNH:6
FNDA:5,get
FNDA:3,get
FNDA:5,get
FNDA:3,get
FNDA:3,get
FNDA:3,get
DA:1,1
DA:2,1
DA:3,1
DA:4,1
DA:5,1
DA:6,1
LF:6
LH:6
BRDA:1,0,0,5
BRDA:2,1,0,3
BRDA:3,2,0,5
BRDA:4,3,0,3
BRDA:5,4,0,3
BRDA:6,5,0,3
BRF:6
BRH:6
end_of_record
TN:
SF:src/browsing/application/query/Find.handler.ts
FN:10,<instance_members_initializer>
FN:11,FindHandler
FN:18,execute
FNF:3
FNH:3
FNDA:3,<instance_members_initializer>
FNDA:3,FindHandler
FNDA:1,execute
DA:1,1
DA:2,1
DA:3,1
DA:4,1
DA:5,1
DA:6,1
DA:7,1
DA:8,1
DA:9,1
DA:10,1
DA:11,3
DA:12,3
DA:13,3
DA:14,3
DA:15,3
DA:16,3
DA:17,3
DA:18,3
DA:19,1
DA:20,1
DA:21,1
DA:22,1
DA:23,1
DA:24,1
DA:25,1
DA:26,1
DA:27,1
DA:28,1
DA:29,1
DA:30,1
DA:31,1
DA:32,1
DA:33,1
DA:34,1
DA:35,1
DA:36,1
DA:37,1
DA:38,3
LF:38
LH:38
BRDA:10,0,0,3
BRDA:11,1,0,3
BRDA:18,2,0,1
BRF:3
BRH:3
end_of_record
TN:
SF:src/browsing/application/query/Find.query.ts
FN:2,FindQuery
FNF:1
FNH:1
FNDA:3,FindQuery
DA:1,1
DA:2,1
DA:3,1
LF:3
LH:3
BRDA:2,0,0,3
BRF:1
BRH:1
end_of_record
TN:
SF:src/browsing/application/query/index.ts
FN:1,get
FN:2,get
FNF:2
FNH:2
FNDA:3,get
FNDA:3,get
DA:1,1
DA:2,1
LF:2
LH:2
BRDA:1,0,0,3
BRDA:2,1,0,3
BRF:2
BRH:2
end_of_record
TN:
SF:src/browsing/infrastructure/mongo/models/index.ts
FN:1,get
FN:2,get
FN:3,get
FN:4,get
FNF:4
FNH:4
FNDA:3,get
FNDA:3,get
FNDA:3,get
FNDA:3,get
DA:1,1
DA:2,1
DA:3,1
DA:4,1
LF:4
LH:4
BRDA:1,0,0,3
BRDA:2,1,0,3
BRDA:3,2,0,3
BRDA:4,3,0,3
BRF:4
BRH:4
end_of_record
TN:
SF:src/browsing/infrastructure/mongo/models/provider.ts
FNF:0
FNH:0
DA:1,1
DA:2,1
DA:3,1
DA:4,1
DA:5,1
DA:6,1
DA:7,1
DA:8,1
DA:9,1
DA:10,1
DA:11,1
DA:12,1
DA:13,1
DA:14,1
DA:15,1
DA:16,1
DA:17,1
DA:18,1
DA:19,1
DA:20,1
LF:20
LH:20
BRF:0
BRH:0
end_of_record
TN:
SF:src/browsing/infrastructure/mongo/repositories/Query.repository.ts
FN:7,<instance_members_initializer>
FN:8,QueryRepository
FN:10,find
FN:25,findOneBy
FN:36,save
FN:40,update
FN:44,delete
FNF:7
FNH:2
FNDA:9,<instance_members_initializer>
FNDA:9,QueryRepository
FNDA:0,find
FNDA:0,findOneBy
FNDA:0,save
FNDA:0,update
FNDA:0,delete
DA:1,1
DA:2,1
DA:3,1
DA:4,1
DA:5,1
DA:6,1
DA:7,1
DA:8,9
DA:9,9
DA:10,9
DA:11,0
DA:12,0
DA:13,0
DA:14,0
DA:15,0
DA:16,0
DA:17,0
DA:18,0
DA:19,0
DA:20,0
DA:21,0
DA:22,0
DA:23,0
DA:24,9
DA:25,9
DA:26,0
DA:27,0
DA:28,0
DA:29,0
DA:30,0
DA:31,0
DA:32,0
DA:33,0
DA:34,0
DA:35,9
DA:36,9
DA:37,0
DA:38,0
DA:39,9
DA:40,9
DA:41,0
DA:42,0
DA:43,9
DA:44,9
DA:45,0
DA:46,0
DA:47,9
LF:47
LH:19
BRDA:7,0,0,9
BRDA:8,1,0,9
BRF:2
BRH:2
end_of_record
TN:
SF:src/browsing/infrastructure/mongo/repositories/createRepositoryProvider.ts
FN:11,createQueryRepositoryProvider
FN:18,useFactory
FNF:2
FNH:2
FNDA:9,createQueryRepositoryProvider
FNDA:9,useFactory
DA:1,1
DA:2,1
DA:3,1
DA:4,1
DA:5,1
DA:6,1
DA:7,1
DA:8,1
DA:9,1
DA:10,1
DA:11,9
DA:12,9
DA:13,9
DA:14,9
DA:15,9
DA:16,9
DA:17,9
DA:18,9
DA:19,9
DA:20,9
LF:20
LH:20
BRDA:11,0,0,9
BRDA:18,1,0,9
BRF:2
BRH:2
end_of_record
TN:
SF:src/browsing/infrastructure/mongo/repositories/provider.ts
FNF:0
FNH:0
DA:1,1
DA:2,1
DA:3,1
DA:4,1
DA:5,1
DA:6,1
DA:7,1
DA:8,1
LF:8
LH:8
BRF:0
BRH:0
end_of_record
TN:
SF:src/browsing/infrastructure/rdb/repositories/index.ts
FN:1,get
FN:2,get
FNF:2
FNH:1
FNDA:3,get
FNDA:0,get
DA:1,1
DA:2,1
LF:2
LH:2
BRDA:1,0,0,3
BRF:1
BRH:1
end_of_record
TN:
SF:src/browsing/infrastructure/rdb/repositories/product_summary.repository.mixin.ts
FN:10,find
FNF:1
FNH:0
FNDA:0,find
DA:1,1
DA:2,1
DA:3,1
DA:4,1
DA:5,1
DA:6,1
DA:7,1
DA:8,1
DA:9,1
DA:10,1
DA:11,0
DA:12,0
DA:13,0
DA:14,0
DA:15,0
DA:16,0
DA:17,0
DA:18,0
DA:19,0
DA:20,0
DA:21,0
DA:22,0
DA:23,0
DA:24,0
DA:25,0
DA:26,0
DA:27,0
DA:28,0
DA:29,0
DA:30,0
DA:31,0
DA:32,0
DA:33,0
DA:34,0
DA:35,0
DA:36,0
DA:37,0
DA:38,0
DA:39,0
DA:40,0
DA:41,0
DA:42,0
DA:43,0
DA:44,0
DA:45,0
DA:46,0
DA:47,0
DA:48,0
DA:49,0
DA:50,0
DA:51,0
DA:52,0
DA:53,0
DA:54,0
DA:55,0
DA:56,0
DA:57,0
DA:58,0
DA:59,0
DA:60,0
DA:61,0
DA:62,0
DA:63,0
DA:64,0
DA:65,0
DA:66,0
DA:67,0
DA:68,0
DA:69,0
DA:70,0
DA:71,0
DA:72,0
DA:73,0
DA:74,0
DA:75,0
DA:76,0
DA:77,0
DA:78,0
DA:79,0
DA:80,0
DA:81,0
DA:82,0
DA:83,0
DA:84,0
DA:85,0
DA:86,0
DA:87,0
DA:88,0
DA:89,0
DA:90,0
DA:91,0
DA:92,0
DA:93,0
DA:94,0
DA:95,0
DA:96,1
DA:97,1
DA:98,1
DA:99,1
LF:99
LH:14
BRF:0
BRH:0
end_of_record
TN:
SF:src/browsing/infrastructure/rdb/repositories/provider.ts
FNF:0
FNH:0
DA:1,1
DA:2,1
DA:3,1
DA:4,1
DA:5,1
DA:6,1
DA:7,1
DA:8,1
DA:9,1
DA:10,1
DA:11,1
DA:12,1
DA:13,1
LF:13
LH:13
BRF:0
BRH:0
end_of_record
TN:
SF:src/browsing/infrastructure/rdb/views/index.ts
FN:1,get
FN:2,get
FN:3,get
FNF:3
FNH:3
FNDA:9,get
FNDA:9,get
FNDA:9,get
DA:1,1
DA:2,1
DA:3,1
LF:3
LH:3
BRDA:1,0,0,9
BRDA:2,1,0,9
BRDA:3,2,0,9
BRF:3
BRH:3
end_of_record
TN:
SF:src/browsing/presentation/controllers/Main.controller.ts
FN:12,<instance_members_initializer>
FN:13,MainController
FN:19,read_main_products
FNF:3
FNH:3
FNDA:3,<instance_members_initializer>
FNDA:3,MainController
FNDA:1,read_main_products
DA:1,1
DA:2,1
DA:3,1
DA:4,1
DA:5,1
DA:6,1
DA:7,1
DA:8,1
DA:9,1
DA:10,1
DA:11,1
DA:12,1
DA:13,3
DA:14,3
DA:15,3
DA:16,3
DA:17,3
DA:18,3
DA:19,3
DA:20,1
DA:21,1
DA:22,1
DA:23,1
DA:24,1
DA:25,1
DA:26,1
DA:27,1
DA:28,1
DA:29,1
DA:30,3
LF:30
LH:30
BRDA:12,0,0,3
BRDA:13,1,0,3
BRDA:19,2,0,1
BRF:3
BRH:3
end_of_record
TN:
SF:src/browsing/presentation/controllers/index.ts
FN:1,get
FNF:1
FNH:1
FNDA:3,get
DA:1,1
LF:1
LH:1
BRDA:1,0,0,3
BRF:1
BRH:1
end_of_record
TN:
SF:src/browsing/presentation/dto/index.ts
FN:3,get
FN:4,get
FN:5,get
FNF:3
FNH:3
FNDA:3,get
FNDA:3,get
FNDA:3,get
DA:1,1
DA:2,1
DA:3,1
DA:4,1
DA:5,1
LF:5
LH:5
BRDA:3,0,0,3
BRDA:4,1,0,3
BRDA:5,2,0,3
BRF:3
BRH:3
end_of_record
TN:
SF:src/category/application/query/FindAll.handler.ts
FN:10,<instance_members_initializer>
FN:11,FindAllHandler
FN:16,execute
FN:19,build_tree
FNF:4
FNH:4
FNDA:3,<instance_members_initializer>
FNDA:3,FindAllHandler
FNDA:4,execute
FNDA:10,build_tree
DA:1,1
DA:2,1
DA:3,1
DA:4,1
DA:5,1
DA:6,1
DA:7,1
DA:8,1
DA:9,1
DA:10,1
DA:11,3
DA:12,3
DA:13,3
DA:14,3
DA:15,3
DA:16,3
DA:17,4
DA:18,4
DA:19,4
DA:20,10
DA:21,10
DA:22,10
DA:23,10
DA:24,10
DA:25,4
DA:26,4
DA:27,6
DA:28,6
DA:29,6
DA:30,6
DA:31,6
DA:32,6
DA:33,6
DA:34,6
DA:35,6
DA:36,6
DA:37,6
DA:38,6
DA:39,6
DA:40,6
DA:41,4
DA:42,4
DA:43,4
DA:44,4
DA:45,4
DA:46,4
DA:47,4
DA:48,4
DA:49,4
DA:50,3
LF:50
LH:50
BRDA:10,0,0,3
BRDA:11,1,0,3
BRDA:16,2,0,4
BRDA:19,3,0,10
BRDA:24,4,0,4
BRDA:27,5,0,6
BRDA:29,6,0,18
BRDA:29,7,0,12
BRDA:30,8,0,6
BRDA:36,9,0,3
BRF:10
BRH:10
end_of_record
TN:
SF:src/category/application/query/FindAll.query.ts
FN:1,<instance_members_initializer>
FN:2,FindAllQuery
FNF:2
FNH:2
FNDA:3,<instance_members_initializer>
FNDA:3,FindAllQuery
DA:1,1
DA:2,3
DA:3,3
LF:3
LH:3
BRDA:1,0,0,3
BRDA:2,1,0,3
BRF:2
BRH:2
end_of_record
TN:
SF:src/category/application/query/FindProducts.handler.ts
FN:10,<instance_members_initializer>
FN:11,FindProductsHandler
FN:18,execute
FNF:3
FNH:3
FNDA:3,<instance_members_initializer>
FNDA:3,FindProductsHandler
FNDA:2,execute
DA:1,1
DA:2,1
DA:3,1
DA:4,1
DA:5,1
DA:6,1
DA:7,1
DA:8,1
DA:9,1
DA:10,1
DA:11,3
DA:12,3
DA:13,3
DA:14,3
DA:15,3
DA:16,3
DA:17,3
DA:18,3
DA:19,2
DA:20,2
DA:21,2
DA:22,2
DA:23,2
DA:24,2
DA:25,2
DA:26,2
DA:27,2
DA:28,2
DA:29,2
DA:30,2
DA:31,2
DA:32,2
DA:33,2
DA:34,0
DA:35,0
DA:36,0
DA:37,0
DA:38,0
DA:39,2
DA:40,1
DA:41,1
DA:42,2
DA:43,2
DA:44,2
DA:45,2
DA:46,2
DA:47,2
DA:48,2
DA:49,2
DA:50,2
DA:51,2
DA:52,2
DA:53,2
DA:54,2
DA:55,2
DA:56,2
DA:57,2
DA:58,2
DA:59,2
DA:60,2
DA:61,2
DA:62,2
DA:63,2
DA:64,2
DA:65,3
LF:65
LH:60
BRDA:10,0,0,3
BRDA:11,1,0,3
BRDA:18,2,0,2
BRDA:22,3,0,0
BRDA:33,4,0,0
BRDA:39,5,0,1
BRF:6
BRH:4
end_of_record
TN:
SF:src/category/application/query/FindProducts.query.ts
FN:3,<instance_members_initializer>
FN:4,FindProductsQuery
FNF:2
FNH:2
FNDA:3,<instance_members_initializer>
FNDA:3,FindProductsQuery
DA:1,1
DA:2,1
DA:3,1
DA:4,3
DA:5,3
DA:6,3
DA:7,3
DA:8,3
LF:8
LH:8
BRDA:3,0,0,3
BRDA:4,1,0,3
BRF:2
BRH:2
end_of_record
TN:
SF:src/category/application/query/index.ts
FN:1,get
FN:2,get
FN:3,get
FN:4,get
FNF:4
FNH:4
FNDA:3,get
FNDA:3,get
FNDA:3,get
FNDA:3,get
DA:1,1
DA:2,1
DA:3,1
DA:4,1
LF:4
LH:4
BRDA:1,0,0,3
BRDA:2,1,0,3
BRDA:3,2,0,3
BRDA:4,3,0,3
BRF:4
BRH:4
end_of_record
TN:
SF:src/category/infrastructure/rdb/entities/Category.entity.ts
FN:4,<instance_members_initializer>
FN:17,Object.<anonymous>.__decorate.nullable
FN:17,Object.<anonymous>.__decorate.nullable
FNF:3
FNH:3
FNDA:9,<instance_members_initializer>
FNDA:3,Object.<anonymous>.__decorate.nullable
FNDA:3,Object.<anonymous>.__decorate.nullable
DA:1,1
DA:2,1
DA:3,1
DA:4,1
DA:5,9
DA:6,9
DA:7,9
DA:8,9
DA:9,9
DA:10,9
DA:11,9
DA:12,9
DA:13,9
DA:14,9
DA:15,9
DA:16,9
DA:17,9
DA:18,9
DA:19,9
DA:20,9
DA:21,9
DA:22,9
DA:23,9
DA:24,9
DA:25,9
DA:26,9
LF:26
LH:26
BRDA:4,0,0,9
BRDA:17,1,0,3
BRDA:17,2,0,3
BRF:3
BRH:3
end_of_record
TN:
SF:src/category/infrastructure/rdb/entities/index.ts
FN:1,get
FNF:1
FNH:1
FNDA:15,get
DA:1,1
LF:1
LH:1
BRDA:1,0,0,15
BRF:1
BRH:1
end_of_record
TN:
SF:src/category/infrastructure/rdb/repositories/index.ts
FN:1,get
FNF:1
FNH:1
FNDA:3,get
DA:1,1
LF:1
LH:1
BRDA:1,0,0,3
BRF:1
BRH:1
end_of_record
TN:
SF:src/category/infrastructure/rdb/repositories/provider.ts
FNF:0
FNH:0
DA:1,1
DA:2,1
DA:3,1
DA:4,1
LF:4
LH:4
BRF:0
BRH:0
end_of_record
TN:
SF:src/category/presentation/controllers/Category.controller.ts
FN:25,<instance_members_initializer>
FN:26,CategoryController
FN:33,read_categories
FN:53,read_products
FNF:4
FNH:4
FNDA:3,<instance_members_initializer>
FNDA:3,CategoryController
FNDA:1,read_categories
FNDA:1,read_products
DA:1,1
DA:2,1
DA:3,1
DA:4,1
DA:5,1
DA:6,1
DA:7,1
DA:8,1
DA:9,1
DA:10,1
DA:11,1
DA:12,1
DA:13,1
DA:14,1
DA:15,1
DA:16,1
DA:17,1
DA:18,1
DA:19,1
DA:20,1
DA:21,1
DA:22,1
DA:23,1
DA:24,1
DA:25,1
DA:26,3
DA:27,3
DA:28,3
DA:29,3
DA:30,3
DA:31,3
DA:32,3
DA:33,3
DA:34,1
DA:35,1
DA:36,1
DA:37,1
DA:38,1
DA:39,1
DA:40,1
DA:41,1
DA:42,1
DA:43,1
DA:44,3
DA:45,3
DA:46,3
DA:47,3
DA:48,3
DA:49,3
DA:50,3
DA:51,3
DA:52,3
DA:53,3
DA:54,1
DA:55,1
DA:56,1
DA:57,1
DA:58,1
DA:59,1
DA:60,1
DA:61,1
DA:62,1
DA:63,1
DA:64,3
LF:64
LH:64
BRDA:25,0,0,3
BRDA:26,1,0,3
BRDA:33,2,0,1
BRDA:53,3,0,1
BRF:4
BRH:4
end_of_record
TN:
SF:src/category/presentation/controllers/index.ts
FN:1,get
FNF:1
FNH:1
FNDA:3,get
DA:1,1
LF:1
LH:1
BRDA:1,0,0,3
BRF:1
BRH:1
end_of_record
TN:
SF:src/category/presentation/dto/index.ts
FN:3,get
FN:4,get
FN:5,get
FN:6,get
FNF:4
FNH:4
FNDA:3,get
FNDA:3,get
FNDA:3,get
FNDA:3,get
DA:1,1
DA:2,1
DA:3,1
DA:4,1
DA:5,1
DA:6,1
LF:6
LH:6
BRDA:3,0,0,3
BRDA:4,1,0,3
BRDA:5,2,0,3
BRDA:6,3,0,3
BRF:4
BRH:4
end_of_record
TN:
SF:src/libs/constants/ErrorCode.ts
FNF:0
FNH:0
DA:1,3
DA:2,3
DA:3,3
DA:4,3
DA:5,3
DA:6,3
DA:7,3
DA:8,3
DA:9,3
DA:10,1
DA:11,1
DA:12,1
DA:13,1
DA:14,1
DA:15,1
DA:16,1
DA:17,1
DA:18,1
DA:19,1
DA:20,1
LF:20
LH:20
BRDA:1,0,0,3
BRF:1
BRH:1
end_of_record
TN:
SF:src/libs/decorators/ApiErrorResponse.ts
FN:7,ApiBadRequestResponse
FN:11,ApiUnauthorizedResponse
FN:15,ApiForbiddenResponse
FN:19,ApiNotFoundResponse
FN:23,ApiConflictResponse
FN:27,ApiInternalServerErrorResponse
FN:31,ApiErrorResponse
FN:42,get_apply_decorators
FNF:8
FNH:8
FNDA:54,ApiBadRequestResponse
FNDA:15,ApiUnauthorizedResponse
FNDA:21,ApiForbiddenResponse
FNDA:15,ApiNotFoundResponse
FNDA:15,ApiConflictResponse
FNDA:15,ApiInternalServerErrorResponse
FNDA:15,ApiErrorResponse
FNDA:135,get_apply_decorators
DA:1,1
DA:2,1
DA:3,1
DA:4,1
DA:5,1
DA:6,1
DA:7,54
DA:8,54
DA:9,54
DA:10,1
DA:11,15
DA:12,15
DA:13,15
DA:14,1
DA:15,21
DA:16,21
DA:17,21
DA:18,1
DA:19,15
DA:20,15
DA:21,15
DA:22,1
DA:23,15
DA:24,15
DA:25,15
DA:26,1
DA:27,15
DA:28,15
DA:29,15
DA:30,1
DA:31,15
DA:32,15
DA:33,15
DA:34,15
DA:35,15
DA:36,15
DA:37,15
DA:38,15
DA:39,15
DA:40,15
DA:41,1
DA:42,135
DA:43,135
DA:44,135
DA:45,135
DA:46,135
DA:47,135
DA:48,135
DA:49,135
DA:50,135
DA:51,135
DA:52,135
DA:53,135
DA:54,135
DA:55,135
DA:56,135
DA:57,135
DA:58,135
DA:59,135
DA:60,135
DA:61,135
DA:62,135
LF:62
LH:62
BRDA:7,0,0,54
BRDA:11,1,0,15
BRDA:15,2,0,21
BRDA:19,3,0,15
BRDA:23,4,0,15
BRDA:27,5,0,15
BRDA:31,6,0,15
BRDA:42,7,0,135
BRF:8
BRH:8
end_of_record
TN:
SF:src/libs/decorators/ApiStandardResponse.ts
FN:7,ApiStandardResponse
FN:53,ApiCreatedResponse
FNF:2
FNH:2
FNDA:48,ApiStandardResponse
FNDA:12,ApiCreatedResponse
DA:1,1
DA:2,1
DA:3,1
DA:4,1
DA:5,1
DA:6,1
DA:7,48
DA:8,48
DA:9,48
DA:10,48
DA:11,48
DA:12,48
DA:13,9
DA:14,9
DA:15,9
DA:16,9
DA:17,9
DA:18,9
DA:19,9
DA:20,9
DA:21,9
DA:22,39
DA:23,39
DA:24,39
DA:25,39
DA:26,39
DA:27,39
DA:28,39
DA:29,39
DA:30,39
DA:31,39
DA:32,39
DA:33,39
DA:34,39
DA:35,39
DA:36,39
DA:37,39
DA:38,39
DA:39,39
DA:40,39
DA:41,39
DA:42,39
DA:43,39
DA:44,39
DA:45,39
DA:46,39
DA:47,39
DA:48,39
DA:49,39
DA:50,39
DA:51,39
DA:52,1
DA:53,12
DA:54,12
DA:55,12
LF:55
LH:55
BRDA:7,0,0,48
BRDA:12,1,0,9
BRDA:22,2,0,39
BRDA:53,3,0,12
BRF:4
BRH:4
end_of_record
TN:
SF:src/libs/decorators/ResponseType.ts
FN:5,Object.<anonymous>.exports.default
FNF:1
FNH:1
FNDA:39,Object.<anonymous>.exports.default
DA:1,1
DA:2,1
DA:3,1
DA:4,1
DA:5,1
LF:5
LH:5
BRDA:5,0,0,39
BRF:1
BRH:1
end_of_record
TN:
SF:src/libs/decorators/index.ts
FN:2,get
FN:3,get
FN:4,get
FN:5,get
FN:6,get
FN:7,get
FN:8,get
FN:10,get
FN:10,get
FN:11,get
FNF:10
FNH:6
FNDA:15,get
FNDA:39,get
FNDA:0,get
FNDA:6,get
FNDA:0,get
FNDA:0,get
FNDA:0,get
FNDA:12,get
FNDA:36,get
FNDA:39,get
DA:1,1
DA:2,1
DA:3,1
DA:4,1
DA:5,1
DA:6,1
DA:7,1
DA:8,1
DA:9,1
DA:10,1
DA:11,1
LF:11
LH:11
BRDA:2,0,0,15
BRDA:3,1,0,39
BRDA:5,2,0,6
BRDA:10,3,0,12
BRDA:10,4,0,36
BRDA:11,5,0,39
BRF:6
BRH:6
end_of_record
TN:
SF:src/libs/interceptors/ResponseInterceptor.ts
FN:9,<instance_members_initializer>
FN:10,ResponseInterceptor
FN:12,intercept
FN:22,transform
FNF:4
FNH:3
FNDA:0,<instance_members_initializer>
FNDA:3,ResponseInterceptor
FNDA:3,intercept
FNDA:3,transform
DA:1,1
DA:2,1
DA:3,1
DA:4,1
DA:5,1
DA:6,1
DA:7,1
DA:8,1
DA:9,1
DA:10,0
DA:11,0
DA:12,0
DA:13,3
DA:14,3
DA:15,3
DA:16,3
DA:17,3
DA:18,3
DA:19,2
DA:20,2
DA:21,2
DA:22,2
DA:23,2
DA:24,2
DA:25,2
DA:26,2
DA:27,2
DA:28,2
DA:29,0
LF:29
LH:25
BRDA:10,0,0,3
BRDA:12,1,0,3
BRDA:18,2,0,1
BRDA:19,3,0,2
BRDA:21,4,0,2
BRDA:25,5,0,1
BRDA:25,6,0,1
BRDA:22,7,0,3
BRF:8
BRH:8
end_of_record
TN:
SF:src/product/application/command/Edit.command.ts
FN:10,<instance_members_initializer>
FN:11,EditCommand
FNF:2
FNH:2
FNDA:3,<instance_members_initializer>
FNDA:3,EditCommand
DA:1,1
DA:2,1
DA:3,1
DA:4,1
DA:5,1
DA:6,1
DA:7,1
DA:8,1
DA:9,1
DA:10,1
DA:11,3
DA:12,3
DA:13,3
DA:14,3
DA:15,3
DA:16,3
DA:17,3
DA:18,3
DA:19,3
DA:20,3
DA:21,3
DA:22,3
DA:23,3
DA:24,3
DA:25,3
DA:26,3
LF:26
LH:26
BRDA:10,0,0,3
BRDA:11,1,0,3
BRF:2
BRH:2
end_of_record
TN:
SF:src/product/application/command/Edit.handler.ts
FN:21,<instance_members_initializer>
FN:22,EditHandler
FN:44,execute
FN:60,update_or_fail
FNF:4
FNH:4
FNDA:3,<instance_members_initializer>
FNDA:3,EditHandler
FNDA:2,execute
FNDA:6,update_or_fail
DA:1,1
DA:2,1
DA:3,1
DA:4,1
DA:5,1
DA:6,1
DA:7,1
DA:8,1
DA:9,1
DA:10,1
DA:11,1
DA:12,1
DA:13,1
DA:14,1
DA:15,1
DA:16,1
DA:17,1
DA:18,1
DA:19,1
DA:20,1
DA:21,1
DA:22,3
DA:23,3
DA:24,3
DA:25,3
DA:26,3
DA:27,3
DA:28,3
DA:29,3
DA:30,3
DA:31,3
DA:32,3
DA:33,3
DA:34,3
DA:35,3
DA:36,3
DA:37,3
DA:38,3
DA:39,3
DA:40,3
DA:41,3
DA:42,3
DA:43,3
DA:44,3
DA:45,2
DA:46,2
DA:47,2
DA:48,2
DA:49,2
DA:50,2
DA:51,2
DA:52,2
DA:53,2
DA:54,2
DA:55,2
DA:56,2
DA:57,2
DA:58,2
DA:59,2
DA:60,2
DA:61,6
DA:62,6
DA:63,6
DA:64,6
DA:65,6
DA:66,6
DA:67,0
DA:68,0
DA:69,0
DA:70,0
DA:71,0
DA:72,6
DA:73,2
DA:74,2
DA:75,2
DA:76,2
DA:77,2
DA:78,2
DA:79,2
DA:80,1
DA:81,1
DA:82,1
DA:83,1
DA:84,1
DA:85,1
DA:86,1
DA:87,1
DA:88,1
DA:89,1
DA:90,1
DA:91,1
DA:92,1
DA:93,1
DA:94,1
DA:95,1
DA:96,1
DA:97,1
DA:98,1
DA:99,1
DA:100,1
DA:101,1
DA:102,1
DA:103,1
DA:104,1
DA:105,1
DA:106,1
DA:107,1
DA:108,1
DA:109,1
DA:110,1
DA:111,1
DA:112,1
DA:113,1
DA:114,1
DA:115,1
DA:116,1
DA:117,1
DA:118,1
DA:119,1
DA:120,1
DA:121,1
DA:122,1
DA:123,1
DA:124,1
DA:125,1
DA:126,1
DA:127,1
DA:128,1
DA:129,1
DA:130,1
DA:131,1
DA:132,1
DA:133,1
DA:134,1
DA:135,1
DA:136,1
DA:137,1
DA:138,1
DA:139,1
DA:140,1
DA:141,1
DA:142,1
DA:143,1
DA:144,1
DA:145,1
DA:146,1
DA:147,1
DA:148,1
DA:149,1
DA:150,1
DA:151,1
DA:152,1
DA:153,2
DA:154,1
DA:155,1
DA:156,1
DA:157,1
DA:158,1
DA:159,1
DA:160,1
DA:161,1
DA:162,1
DA:163,1
DA:164,1
DA:165,1
DA:166,1
DA:167,1
DA:168,3
LF:168
LH:163
BRDA:21,0,0,3
BRDA:22,1,0,3
BRDA:44,2,0,2
BRDA:154,3,0,1
BRDA:58,4,0,2
BRDA:79,5,0,1
BRDA:60,6,0,6
BRDA:66,7,0,0
BRDA:127,8,0,1
BRDA:149,9,0,3
BRF:10
BRH:9
end_of_record
TN:
SF:src/product/application/command/ImageRegister.command.ts
FN:3,<instance_members_initializer>
FN:4,ImageRegisterCommand
FNF:2
FNH:2
FNDA:3,<instance_members_initializer>
FNDA:3,ImageRegisterCommand
DA:1,1
DA:2,1
DA:3,1
DA:4,3
DA:5,3
DA:6,3
DA:7,3
DA:8,3
DA:9,3
LF:9
LH:9
BRDA:3,0,0,3
BRDA:4,1,0,3
BRF:2
BRH:2
end_of_record
TN:
SF:src/product/application/command/ImageRegister.handler.ts
FN:10,<instance_members_initializer>
FN:11,ImageRegisterHandler
FN:18,execute
FNF:3
FNH:3
FNDA:3,<instance_members_initializer>
FNDA:3,ImageRegisterHandler
FNDA:1,execute
DA:1,1
DA:2,1
DA:3,1
DA:4,1
DA:5,1
DA:6,1
DA:7,1
DA:8,1
DA:9,1
DA:10,1
DA:11,3
DA:12,3
DA:13,3
DA:14,3
DA:15,3
DA:16,3
DA:17,3
DA:18,3
DA:19,1
DA:20,1
DA:21,1
DA:22,1
DA:23,1
DA:24,1
DA:25,1
DA:26,1
DA:27,1
DA:28,1
DA:29,1
DA:30,1
DA:31,1
DA:32,1
DA:33,1
DA:34,1
DA:35,1
DA:36,1
DA:37,1
DA:38,1
DA:39,3
LF:39
LH:39
BRDA:10,0,0,3
BRDA:11,1,0,3
BRDA:18,2,0,1
BRDA:21,3,0,0
BRF:4
BRH:3
end_of_record
TN:
SF:src/product/application/command/OptionEdit.command.ts
FN:3,<instance_members_initializer>
FN:4,OptionEditCommand
FNF:2
FNH:2
FNDA:3,<instance_members_initializer>
FNDA:3,OptionEditCommand
DA:1,1
DA:2,1
DA:3,1
DA:4,3
DA:5,3
DA:6,3
DA:7,3
DA:8,3
DA:9,3
LF:9
LH:9
BRDA:3,0,0,3
BRDA:4,1,0,3
BRF:2
BRH:2
end_of_record
TN:
SF:src/product/application/command/OptionEdit.handler.ts
FN:11,<instance_members_initializer>
FN:12,OptionEditHandler
FN:20,execute
FNF:3
FNH:3
FNDA:3,<instance_members_initializer>
FNDA:3,OptionEditHandler
FNDA:3,execute
DA:1,1
DA:2,1
DA:3,1
DA:4,1
DA:5,1
DA:6,1
DA:7,1
DA:8,1
DA:9,1
DA:10,1
DA:11,1
DA:12,3
DA:13,3
DA:14,3
DA:15,3
DA:16,3
DA:17,3
DA:18,3
DA:19,3
DA:20,3
DA:21,3
DA:22,3
DA:23,3
DA:24,3
DA:25,3
DA:26,3
DA:27,3
DA:28,3
DA:29,1
DA:30,1
DA:31,1
DA:32,1
DA:33,1
DA:34,2
DA:35,3
DA:36,1
DA:37,1
DA:38,1
DA:39,1
DA:40,1
DA:41,1
DA:42,1
DA:43,1
DA:44,1
DA:45,1
DA:46,1
DA:47,1
DA:48,1
DA:49,1
DA:50,3
DA:51,1
DA:52,1
DA:53,1
DA:54,1
DA:55,1
DA:56,1
DA:57,1
DA:58,1
DA:59,1
DA:60,1
DA:61,1
DA:62,1
DA:63,1
DA:64,1
DA:65,3
LF:65
LH:65
BRDA:11,0,0,3
BRDA:12,1,0,3
BRDA:20,2,0,3
BRDA:51,3,0,1
BRDA:21,4,0,3
BRDA:28,5,0,1
BRDA:34,6,0,2
BRDA:35,7,0,1
BRF:8
BRH:8
end_of_record
TN:
SF:src/product/application/command/OptionRegister.command.ts
FN:3,<instance_members_initializer>
FN:4,OptionRegisterCommand
FNF:2
FNH:2
FNDA:3,<instance_members_initializer>
FNDA:3,OptionRegisterCommand
DA:1,1
DA:2,1
DA:3,1
DA:4,3
DA:5,3
DA:6,3
DA:7,3
DA:8,3
DA:9,3
LF:9
LH:9
BRDA:3,0,0,3
BRDA:4,1,0,3
BRF:2
BRH:2
end_of_record
TN:
SF:src/product/application/command/OptionRegister.handler.ts
FN:14,<instance_members_initializer>
FN:15,OptionRegisterHandler
FN:25,execute
FNF:3
FNH:3
FNDA:3,<instance_members_initializer>
FNDA:3,OptionRegisterHandler
FNDA:3,execute
DA:1,1
DA:2,1
DA:3,1
DA:4,1
DA:5,1
DA:6,1
DA:7,1
DA:8,1
DA:9,1
DA:10,1
DA:11,1
DA:12,1
DA:13,1
DA:14,1
DA:15,3
DA:16,3
DA:17,3
DA:18,3
DA:19,3
DA:20,3
DA:21,3
DA:22,3
DA:23,3
DA:24,3
DA:25,3
DA:26,3
DA:27,3
DA:28,3
DA:29,3
DA:30,3
DA:31,3
DA:32,3
DA:33,3
DA:34,3
DA:35,3
DA:36,1
DA:37,1
DA:38,1
DA:39,1
DA:40,1
DA:41,2
DA:42,3
DA:43,1
DA:44,1
DA:45,1
DA:46,1
DA:47,1
DA:48,1
DA:49,1
DA:50,1
DA:51,1
DA:52,1
DA:53,1
DA:54,1
DA:55,1
DA:56,1
DA:57,1
DA:58,3
DA:59,1
DA:60,1
DA:61,1
DA:62,1
DA:63,1
DA:64,1
DA:65,1
DA:66,1
DA:67,1
DA:68,1
DA:69,1
DA:70,1
DA:71,1
DA:72,1
DA:73,3
LF:73
LH:73
BRDA:14,0,0,3
BRDA:15,1,0,3
BRDA:25,2,0,3
BRDA:59,3,0,1
BRDA:26,4,0,3
BRDA:35,5,0,1
BRDA:41,6,0,2
BRDA:42,7,0,1
BRF:8
BRH:8
end_of_record
TN:
SF:src/product/application/command/OptionRemove.command.ts
FN:1,<instance_members_initializer>
FN:2,OptionRemoveCommand
FNF:2
FNH:2
FNDA:3,<instance_members_initializer>
FNDA:3,OptionRemoveCommand
DA:1,1
DA:2,3
DA:3,3
DA:4,3
DA:5,3
DA:6,3
LF:6
LH:6
BRDA:1,0,0,3
BRDA:2,1,0,3
BRF:2
BRH:2
end_of_record
TN:
SF:src/product/application/command/OptionRemove.handler.ts
FN:16,<instance_members_initializer>
FN:17,OptionRemoveHandler
FN:25,execute
FNF:3
FNH:3
FNDA:3,<instance_members_initializer>
FNDA:3,OptionRemoveHandler
FNDA:4,execute
DA:1,1
DA:2,1
DA:3,1
DA:4,1
DA:5,1
DA:6,1
DA:7,1
DA:8,1
DA:9,1
DA:10,1
DA:11,1
DA:12,1
DA:13,1
DA:14,1
DA:15,1
DA:16,1
DA:17,3
DA:18,3
DA:19,3
DA:20,3
DA:21,3
DA:22,3
DA:23,3
DA:24,3
DA:25,3
DA:26,4
DA:27,4
DA:28,4
DA:29,4
DA:30,4
DA:31,4
DA:32,4
DA:33,1
DA:34,1
DA:35,1
DA:36,1
DA:37,1
DA:38,3
DA:39,4
DA:40,1
DA:41,1
DA:42,1
DA:43,1
DA:44,1
DA:45,1
DA:46,1
DA:47,1
DA:48,2
DA:49,2
DA:50,2
DA:51,2
DA:52,4
DA:53,2
DA:54,2
DA:55,2
DA:56,2
DA:57,2
DA:58,2
DA:59,2
DA:60,2
DA:61,2
DA:62,2
DA:63,4
DA:64,1
DA:65,1
DA:66,4
DA:67,3
LF:67
LH:67
BRDA:16,0,0,3
BRDA:17,1,0,3
BRDA:25,2,0,4
BRDA:53,3,0,2
BRDA:63,4,0,1
BRDA:26,5,0,4
BRDA:32,6,0,1
BRDA:38,7,0,3
BRDA:39,8,0,1
BRDA:48,9,0,2
BRF:10
BRH:10
end_of_record
TN:
SF:src/product/application/command/Register.command.ts
FN:10,<instance_members_initializer>
FN:11,RegisterCommand
FNF:2
FNH:2
FNDA:3,<instance_members_initializer>
FNDA:3,RegisterCommand
DA:1,1
DA:2,1
DA:3,1
DA:4,1
DA:5,1
DA:6,1
DA:7,1
DA:8,1
DA:9,1
DA:10,1
DA:11,3
DA:12,3
DA:13,3
DA:14,3
DA:15,3
DA:16,3
DA:17,3
DA:18,3
DA:19,3
DA:20,3
DA:21,3
DA:22,3
DA:23,3
DA:24,3
DA:25,3
LF:25
LH:25
BRDA:10,0,0,3
BRDA:11,1,0,3
BRF:2
BRH:2
end_of_record
TN:
SF:src/product/application/command/Register.handler.ts
FN:20,<instance_members_initializer>
FN:21,RegisterHandler
FN:43,execute
FNF:3
FNH:3
FNDA:3,<instance_members_initializer>
FNDA:3,RegisterHandler
FNDA:1,execute
DA:1,1
DA:2,1
DA:3,1
DA:4,1
DA:5,1
DA:6,1
DA:7,1
DA:8,1
DA:9,1
DA:10,1
DA:11,1
DA:12,1
DA:13,1
DA:14,1
DA:15,1
DA:16,1
DA:17,1
DA:18,1
DA:19,1
DA:20,1
DA:21,3
DA:22,3
DA:23,3
DA:24,3
DA:25,3
DA:26,3
DA:27,3
DA:28,3
DA:29,3
DA:30,3
DA:31,3
DA:32,3
DA:33,3
DA:34,3
DA:35,3
DA:36,3
DA:37,3
DA:38,3
DA:39,3
DA:40,3
DA:41,3
DA:42,3
DA:43,3
DA:44,1
DA:45,1
DA:46,1
DA:47,1
DA:48,1
DA:49,1
DA:50,1
DA:51,1
DA:52,1
DA:53,1
DA:54,1
DA:55,1
DA:56,1
DA:57,1
DA:58,1
DA:59,1
DA:60,1
DA:61,1
DA:62,1
DA:63,1
DA:64,1
DA:65,1
DA:66,1
DA:67,1
DA:68,1
DA:69,1
DA:70,1
DA:71,1
DA:72,1
DA:73,1
DA:74,1
DA:75,1
DA:76,1
DA:77,1
DA:78,1
DA:79,1
DA:80,1
DA:81,1
DA:82,1
DA:83,1
DA:84,1
DA:85,1
DA:86,1
DA:87,1
DA:88,1
DA:89,1
DA:90,1
DA:91,1
DA:92,1
DA:93,1
DA:94,1
DA:95,1
DA:96,1
DA:97,1
DA:98,1
DA:99,1
DA:100,1
DA:101,1
DA:102,1
DA:103,1
DA:104,1
DA:105,1
DA:106,1
DA:107,1
DA:108,1
DA:109,1
DA:110,1
DA:111,1
DA:112,1
DA:113,1
DA:114,1
DA:115,1
DA:116,1
DA:117,1
DA:118,1
DA:119,1
DA:120,1
DA:121,1
DA:122,1
DA:123,1
DA:124,1
DA:125,1
DA:126,1
DA:127,1
DA:128,1
DA:129,1
DA:130,1
DA:131,1
DA:132,1
DA:133,1
DA:134,1
DA:135,1
DA:136,1
DA:137,1
DA:138,1
DA:139,3
LF:139
LH:139
BRDA:20,0,0,3
BRDA:21,1,0,3
BRDA:43,2,0,1
BRDA:57,3,0,1
BRDA:80,4,0,1
BRDA:97,5,0,1
BRDA:107,6,0,1
BRDA:111,7,0,1
BRDA:121,8,0,3
BRF:9
BRH:9
end_of_record
TN:
SF:src/product/application/command/Remove.command.ts
FN:1,<instance_members_initializer>
FN:2,RemoveCommand
FNF:2
FNH:2
FNDA:3,<instance_members_initializer>
FNDA:3,RemoveCommand
DA:1,1
DA:2,3
DA:3,3
LF:3
LH:3
BRDA:1,0,0,3
BRDA:2,1,0,3
BRF:2
BRH:2
end_of_record
TN:
SF:src/product/application/command/Remove.handler.ts
FN:10,<instance_members_initializer>
FN:11,RemoveHandler
FN:18,execute
FNF:3
FNH:3
FNDA:3,<instance_members_initializer>
FNDA:3,RemoveHandler
FNDA:2,execute
DA:1,1
DA:2,1
DA:3,1
DA:4,1
DA:5,1
DA:6,1
DA:7,1
DA:8,1
DA:9,1
DA:10,1
DA:11,3
DA:12,3
DA:13,3
DA:14,3
DA:15,3
DA:16,3
DA:17,3
DA:18,3
DA:19,2
DA:20,2
DA:21,2
DA:22,1
DA:23,1
DA:24,1
DA:25,1
DA:26,1
DA:27,1
DA:28,1
DA:29,1
DA:30,1
DA:31,1
DA:32,1
DA:33,1
DA:34,1
DA:35,1
DA:36,1
DA:37,3
LF:37
LH:37
BRDA:10,0,0,3
BRDA:11,1,0,3
BRDA:18,2,0,2
BRDA:21,3,0,1
BRF:4
BRH:4
end_of_record
TN:
SF:src/product/application/command/index.ts
FN:1,get
FN:2,get
FN:3,get
FN:4,get
FN:5,get
FN:6,get
FN:8,get
FN:9,get
FN:10,get
FN:11,get
FN:12,get
FN:13,get
FN:15,get
FN:16,get
FNF:14
FNH:14
FNDA:3,get
FNDA:3,get
FNDA:3,get
FNDA:3,get
FNDA:3,get
FNDA:3,get
FNDA:3,get
FNDA:3,get
FNDA:3,get
FNDA:3,get
FNDA:3,get
FNDA:3,get
FNDA:3,get
FNDA:3,get
DA:1,1
DA:2,1
DA:3,1
DA:4,1
DA:5,1
DA:6,1
DA:7,1
DA:8,1
DA:9,1
DA:10,1
DA:11,1
DA:12,1
DA:13,1
DA:14,1
DA:15,1
DA:16,1
LF:16
LH:16
BRDA:1,0,0,3
BRDA:2,1,0,3
BRDA:3,2,0,3
BRDA:4,3,0,3
BRDA:5,4,0,3
BRDA:6,5,0,3
BRDA:8,6,0,3
BRDA:9,7,0,3
BRDA:10,8,0,3
BRDA:11,9,0,3
BRDA:12,10,0,3
BRDA:13,11,0,3
BRDA:15,12,0,3
BRDA:16,13,0,3
BRF:14
BRH:14
end_of_record
TN:
SF:src/product/application/query/Find.handler.ts
FN:10,<instance_members_initializer>
FN:11,FindHandler
FN:16,execute
FNF:3
FNH:3
FNDA:3,<instance_members_initializer>
FNDA:3,FindHandler
FNDA:2,execute
DA:1,1
DA:2,1
DA:3,1
DA:4,1
DA:5,1
DA:6,1
DA:7,1
DA:8,1
DA:9,1
DA:10,1
DA:11,3
DA:12,3
DA:13,3
DA:14,3
DA:15,3
DA:16,3
DA:17,2
DA:18,2
DA:19,2
DA:20,1
DA:21,1
DA:22,1
DA:23,1
DA:24,1
DA:25,1
DA:26,1
DA:27,3
LF:27
LH:27
BRDA:10,0,0,3
BRDA:11,1,0,3
BRDA:16,2,0,2
BRDA:19,3,0,1
BRF:4
BRH:4
end_of_record
TN:
SF:src/product/application/query/Find.query.ts
FN:1,<instance_members_initializer>
FN:2,FindQuery
FNF:2
FNH:2
FNDA:3,<instance_members_initializer>
FNDA:3,FindQuery
DA:1,1
DA:2,3
DA:3,3
LF:3
LH:3
BRDA:1,0,0,3
BRDA:2,1,0,3
BRF:2
BRH:2
end_of_record
TN:
SF:src/product/application/query/FindAll.handler.ts
FN:9,<instance_members_initializer>
FN:10,FindAllHandler
FN:15,execute
FNF:3
FNH:3
FNDA:3,<instance_members_initializer>
FNDA:3,FindAllHandler
FNDA:1,execute
DA:1,1
DA:2,1
DA:3,1
DA:4,1
DA:5,1
DA:6,1
DA:7,1
DA:8,1
DA:9,1
DA:10,3
DA:11,3
DA:12,3
DA:13,3
DA:14,3
DA:15,3
DA:16,1
DA:17,1
DA:18,1
DA:19,1
DA:20,1
DA:21,1
DA:22,1
DA:23,1
DA:24,1
DA:25,1
DA:26,1
DA:27,1
DA:28,1
DA:29,1
DA:30,1
DA:31,1
DA:32,1
DA:33,1
DA:34,1
DA:35,1
DA:36,1
DA:37,1
DA:38,1
DA:39,1
DA:40,1
DA:41,1
DA:42,1
DA:43,1
DA:44,1
DA:45,1
DA:46,1
DA:47,1
DA:48,1
DA:49,1
DA:50,1
DA:51,1
DA:52,1
DA:53,1
DA:54,1
DA:55,1
DA:56,1
DA:57,1
DA:58,1
DA:59,1
DA:60,1
DA:61,1
DA:62,1
DA:63,3
LF:63
LH:63
BRDA:9,0,0,3
BRDA:10,1,0,3
BRDA:15,2,0,1
BRDA:30,3,0,0
BRDA:37,4,0,0
BRDA:39,5,0,0
BRDA:40,6,0,0
BRDA:42,7,0,0
BRDA:43,8,0,0
BRDA:44,9,0,0
BRDA:46,10,0,0
BRDA:56,11,0,0
BRDA:57,12,0,0
BRDA:58,13,0,0
BRF:14
BRH:3
end_of_record
TN:
SF:src/product/application/query/FindAll.query.ts
FN:3,<instance_members_initializer>
FN:4,FindAllQuery
FNF:2
FNH:2
FNDA:3,<instance_members_initializer>
FNDA:3,FindAllQuery
DA:1,1
DA:2,1
DA:3,1
DA:4,3
DA:5,3
LF:5
LH:5
BRDA:3,0,0,3
BRDA:4,1,0,3
BRF:2
BRH:2
end_of_record
TN:
SF:src/product/application/query/index.ts
FN:1,get
FN:2,get
FN:3,get
FN:4,get
FNF:4
FNH:4
FNDA:3,get
FNDA:3,get
FNDA:3,get
FNDA:3,get
DA:1,1
DA:2,1
DA:3,1
DA:4,1
LF:4
LH:4
BRDA:1,0,0,3
BRDA:2,1,0,3
BRDA:3,2,0,3
BRDA:4,3,0,3
BRF:4
BRH:4
end_of_record
TN:
SF:src/product/infrastructure/rdb/entities/Brand.entity.ts
FN:5,<instance_members_initializer>
FNF:1
FNH:1
FNDA:3,<instance_members_initializer>
DA:1,1
DA:2,1
DA:3,1
DA:4,1
DA:5,1
DA:6,3
DA:7,3
DA:8,3
DA:9,3
DA:10,3
DA:11,3
DA:12,3
DA:13,3
DA:14,3
DA:15,3
DA:16,3
DA:17,3
DA:18,3
DA:19,3
DA:20,3
DA:21,3
DA:22,3
DA:23,3
LF:23
LH:23
BRDA:5,0,0,3
BRF:1
BRH:1
end_of_record
TN:
SF:src/product/infrastructure/rdb/entities/Product.entity.ts
FN:15,<instance_members_initializer>
FN:34,default
FN:41,default
FNF:3
FNH:1
FNDA:3,<instance_members_initializer>
FNDA:0,default
FNDA:0,default
DA:1,1
DA:2,1
DA:3,1
DA:4,1
DA:5,1
DA:6,1
DA:7,1
DA:8,1
DA:9,1
DA:10,1
DA:11,1
DA:12,1
DA:13,1
DA:14,1
DA:15,1
DA:16,3
DA:17,3
DA:18,3
DA:19,3
DA:20,3
DA:21,3
DA:22,3
DA:23,3
DA:24,3
DA:25,3
DA:26,3
DA:27,3
DA:28,3
DA:29,3
DA:30,3
DA:31,3
DA:32,3
DA:33,3
DA:34,3
DA:35,3
DA:36,3
DA:37,3
DA:38,3
DA:39,3
DA:40,3
DA:41,3
DA:42,3
DA:43,3
DA:44,3
DA:45,3
DA:46,3
DA:47,3
DA:48,3
DA:49,3
DA:50,3
DA:51,3
DA:52,3
DA:53,3
DA:54,3
DA:55,3
LF:55
LH:55
BRDA:15,0,0,3
BRDA:45,1,0,3
BRDA:49,2,0,3
BRF:3
BRH:3
end_of_record
TN:
SF:src/product/infrastructure/rdb/entities/Product_Category.entity.ts
FN:7,<instance_members_initializer>
FN:11,Object.<anonymous>.__decorate.onDelete
FN:15,Object.<anonymous>.__decorate.onDelete
FNF:3
FNH:3
FNDA:3,<instance_members_initializer>
FNDA:3,Object.<anonymous>.__decorate.onDelete
FNDA:3,Object.<anonymous>.__decorate.onDelete
DA:1,1
DA:2,1
DA:3,1
DA:4,1
DA:5,1
DA:6,1
DA:7,1
DA:8,3
DA:9,3
DA:10,3
DA:11,3
DA:12,3
DA:13,3
DA:14,3
DA:15,3
DA:16,3
DA:17,3
DA:18,3
DA:19,3
DA:20,3
DA:21,3
LF:21
LH:21
BRDA:7,0,0,3
BRDA:11,1,0,3
BRDA:15,2,0,3
BRF:3
BRH:3
end_of_record
TN:
SF:src/product/infrastructure/rdb/entities/Product_Detail.entity.ts
FN:6,<instance_members_initializer>
FN:10,Object.<anonymous>.__decorate.onDelete
FN:10,Object.<anonymous>.__decorate.onDelete
FNF:3
FNH:3
FNDA:3,<instance_members_initializer>
FNDA:3,Object.<anonymous>.__decorate.onDelete
FNDA:3,Object.<anonymous>.__decorate.onDelete
DA:1,1
DA:2,1
DA:3,1
DA:4,1
DA:5,1
DA:6,1
DA:7,3
DA:8,3
DA:9,3
DA:10,3
DA:11,3
DA:12,3
DA:13,3
DA:14,3
DA:15,3
DA:16,3
DA:17,3
DA:18,3
DA:19,3
DA:20,3
DA:21,3
DA:22,3
DA:23,3
DA:24,3
DA:25,3
DA:26,3
DA:27,3
DA:28,3
DA:29,3
DA:30,3
DA:31,3
DA:32,3
DA:33,3
DA:34,3
DA:35,3
DA:36,3
DA:37,3
DA:38,3
DA:39,3
DA:40,3
DA:41,3
DA:42,3
DA:43,3
LF:43
LH:43
BRDA:6,0,0,3
BRDA:10,1,0,3
BRDA:10,2,0,3
BRF:3
BRH:3
end_of_record
TN:
SF:src/product/infrastructure/rdb/entities/Product_Image.entity.ts
FN:7,<instance_members_initializer>
FN:11,Object.<anonymous>.__decorate.onDelete
FN:27,Object.<anonymous>.__decorate.onDelete
FNF:3
FNH:3
FNDA:3,<instance_members_initializer>
FNDA:3,Object.<anonymous>.__decorate.onDelete
FNDA:3,Object.<anonymous>.__decorate.onDelete
DA:1,1
DA:2,1
DA:3,1
DA:4,1
DA:5,1
DA:6,1
DA:7,1
DA:8,3
DA:9,3
DA:10,3
DA:11,3
DA:12,3
DA:13,3
DA:14,3
DA:15,3
DA:16,3
DA:17,3
DA:18,3
DA:19,3
DA:20,3
DA:21,3
DA:22,3
DA:23,3
DA:24,3
DA:25,3
DA:26,3
DA:27,3
DA:28,3
DA:29,3
DA:30,3
DA:31,3
DA:32,3
DA:33,3
LF:33
LH:33
BRDA:7,0,0,3
BRDA:11,1,0,3
BRDA:27,2,0,3
BRF:3
BRH:3
end_of_record
TN:
SF:src/product/infrastructure/rdb/entities/Product_Option.entity.ts
FN:6,<instance_members_initializer>
FN:10,Object.<anonymous>.__decorate.onDelete
FNF:2
FNH:2
FNDA:3,<instance_members_initializer>
FNDA:3,Object.<anonymous>.__decorate.onDelete
DA:1,1
DA:2,1
DA:3,1
DA:4,1
DA:5,1
DA:6,1
DA:7,3
DA:8,3
DA:9,3
DA:10,3
DA:11,3
DA:12,3
DA:13,3
DA:14,3
DA:15,3
DA:16,3
DA:17,3
DA:18,3
DA:19,3
DA:20,3
DA:21,3
DA:22,3
DA:23,3
DA:24,3
DA:25,3
DA:26,3
DA:27,3
DA:28,3
LF:28
LH:28
BRDA:6,0,0,3
BRDA:10,1,0,3
BRF:2
BRH:2
end_of_record
TN:
SF:src/product/infrastructure/rdb/entities/Product_Option_Group.entity.ts
FN:6,<instance_members_initializer>
FN:10,Object.<anonymous>.__decorate.onDelete
FNF:2
FNH:2
FNDA:3,<instance_members_initializer>
FNDA:3,Object.<anonymous>.__decorate.onDelete
DA:1,1
DA:2,1
DA:3,1
DA:4,1
DA:5,1
DA:6,1
DA:7,3
DA:8,3
DA:9,3
DA:10,3
DA:11,3
DA:12,3
DA:13,3
DA:14,3
DA:15,3
DA:16,3
DA:17,3
DA:18,3
DA:19,3
LF:19
LH:19
BRDA:6,0,0,3
BRDA:10,1,0,3
BRF:2
BRH:2
end_of_record
TN:
SF:src/product/infrastructure/rdb/entities/Product_Price.entity.ts
FN:6,<instance_members_initializer>
FN:10,Object.<anonymous>.__decorate.onDelete
FN:10,Object.<anonymous>.__decorate.onDelete
FNF:3
FNH:3
FNDA:3,<instance_members_initializer>
FNDA:3,Object.<anonymous>.__decorate.onDelete
FNDA:3,Object.<anonymous>.__decorate.onDelete
DA:1,1
DA:2,1
DA:3,1
DA:4,1
DA:5,1
DA:6,1
DA:7,3
DA:8,3
DA:9,3
DA:10,3
DA:11,3
DA:12,3
DA:13,3
DA:14,3
DA:15,3
DA:16,3
DA:17,3
DA:18,3
DA:19,3
DA:20,3
DA:21,3
DA:22,3
DA:23,3
DA:24,3
DA:25,3
DA:26,3
DA:27,3
DA:28,3
DA:29,3
DA:30,3
LF:30
LH:30
BRDA:6,0,0,3
BRDA:10,1,0,3
BRDA:10,2,0,3
BRF:3
BRH:3
end_of_record
TN:
SF:src/product/infrastructure/rdb/entities/Product_Tag.entity.ts
FN:7,<instance_members_initializer>
FN:11,Object.<anonymous>.__decorate.onDelete
FN:11,Object.<anonymous>.__decorate.onDelete
FN:17,Object.<anonymous>.__decorate.onDelete
FN:17,Object.<anonymous>.__decorate.onDelete
FNF:5
FNH:5
FNDA:3,<instance_members_initializer>
FNDA:3,Object.<anonymous>.__decorate.onDelete
FNDA:3,Object.<anonymous>.__decorate.onDelete
FNDA:3,Object.<anonymous>.__decorate.onDelete
FNDA:3,Object.<anonymous>.__decorate.onDelete
DA:1,1
DA:2,1
DA:3,1
DA:4,1
DA:5,1
DA:6,1
DA:7,1
DA:8,3
DA:9,3
DA:10,3
DA:11,3
DA:12,3
DA:13,3
DA:14,3
DA:15,3
DA:16,3
DA:17,3
DA:18,3
DA:19,3
DA:20,3
LF:20
LH:20
BRDA:7,0,0,3
BRDA:11,1,0,3
BRDA:11,2,0,3
BRDA:17,3,0,3
BRDA:17,4,0,3
BRF:5
BRH:5
end_of_record
TN:
SF:src/product/infrastructure/rdb/entities/Seller.entity.ts
FN:4,<instance_members_initializer>
FN:26,default
FNF:2
FNH:1
FNDA:3,<instance_members_initializer>
FNDA:0,default
DA:1,1
DA:2,1
DA:3,1
DA:4,1
DA:5,3
DA:6,3
DA:7,3
DA:8,3
DA:9,3
DA:10,3
DA:11,3
DA:12,3
DA:13,3
DA:14,3
DA:15,3
DA:16,3
DA:17,3
DA:18,3
DA:19,3
DA:20,3
DA:21,3
DA:22,3
DA:23,3
DA:24,3
DA:25,3
DA:26,3
DA:27,3
DA:28,3
LF:28
LH:28
BRDA:4,0,0,3
BRF:1
BRH:1
end_of_record
TN:
SF:src/product/infrastructure/rdb/entities/Tag.entity.ts
FN:5,<instance_members_initializer>
FNF:1
FNH:1
FNDA:3,<instance_members_initializer>
DA:1,1
DA:2,1
DA:3,1
DA:4,1
DA:5,1
DA:6,3
DA:7,3
DA:8,3
DA:9,3
DA:10,3
DA:11,3
DA:12,3
DA:13,3
DA:14,3
LF:14
LH:14
BRDA:5,0,0,3
BRF:1
BRH:1
end_of_record
TN:
SF:src/product/infrastructure/rdb/entities/index.ts
FN:1,get
FN:2,get
FN:3,get
FN:4,get
FN:5,get
FN:6,get
FN:7,get
FN:8,get
FN:9,get
FN:10,get
FN:11,get
FNF:11
FNH:11
FNDA:6,get
FNDA:9,get
FNDA:9,get
FNDA:9,get
FNDA:9,get
FNDA:9,get
FNDA:9,get
FNDA:9,get
FNDA:9,get
FNDA:6,get
FNDA:6,get
DA:1,1
DA:2,1
DA:3,1
DA:4,1
DA:5,1
DA:6,1
DA:7,1
DA:8,1
DA:9,1
DA:10,1
DA:11,1
LF:11
LH:11
BRDA:1,0,0,6
BRDA:2,1,0,9
BRDA:3,2,0,9
BRDA:4,3,0,9
BRDA:5,4,0,9
BRDA:6,5,0,9
BRDA:7,6,0,9
BRDA:8,7,0,9
BRDA:9,8,0,9
BRDA:10,9,0,6
BRDA:11,10,0,6
BRF:11
BRH:11
end_of_record
TN:
SF:src/product/infrastructure/rdb/repositories/index.ts
FN:1,get
FNF:1
FNH:1
FNDA:3,get
DA:1,1
LF:1
LH:1
BRDA:1,0,0,3
BRF:1
BRH:1
end_of_record
TN:
SF:src/product/infrastructure/rdb/repositories/provider.ts
FNF:0
FNH:0
DA:1,1
DA:2,1
DA:3,1
DA:4,1
DA:5,1
DA:6,1
DA:7,1
DA:8,1
DA:9,1
DA:10,1
DA:11,1
DA:12,1
DA:13,1
DA:14,1
DA:15,1
DA:16,1
DA:17,1
DA:18,1
DA:19,1
DA:20,1
DA:21,1
DA:22,1
LF:22
LH:22
BRF:0
BRH:0
end_of_record
TN:
SF:src/product/presentation/controllers/Product.controller.ts
FN:29,<instance_members_initializer>
FN:30,ProductController
FN:40,create
FN:58,read_all
FN:76,read
FN:93,update
FN:109,delete
FNF:7
FNH:7
FNDA:3,<instance_members_initializer>
FNDA:3,ProductController
FNDA:1,create
FNDA:1,read_all
FNDA:1,read
FNDA:1,update
FNDA:1,delete
DA:1,1
DA:2,1
DA:3,1
DA:4,1
DA:5,1
DA:6,1
DA:7,1
DA:8,1
DA:9,1
DA:10,1
DA:11,1
DA:12,1
DA:13,1
DA:14,1
DA:15,1
DA:16,1
DA:17,1
DA:18,1
DA:19,1
DA:20,1
DA:21,1
DA:22,1
DA:23,1
DA:24,1
DA:25,1
DA:26,1
DA:27,1
DA:28,1
DA:29,1
DA:30,3
DA:31,3
DA:32,3
DA:33,3
DA:34,3
DA:35,3
DA:36,3
DA:37,3
DA:38,3
DA:39,3
DA:40,3
DA:41,1
DA:42,1
DA:43,1
DA:44,1
DA:45,1
DA:46,1
DA:47,1
DA:48,1
DA:49,1
DA:50,1
DA:51,1
DA:52,3
DA:53,3
DA:54,3
DA:55,3
DA:56,3
DA:57,3
DA:58,3
DA:59,1
DA:60,1
DA:61,1
DA:62,1
DA:63,1
DA:64,1
DA:65,1
DA:66,1
DA:67,1
DA:68,1
DA:69,1
DA:70,3
DA:71,3
DA:72,3
DA:73,3
DA:74,3
DA:75,3
DA:76,3
DA:77,1
DA:78,1
DA:79,1
DA:80,1
DA:81,1
DA:82,1
DA:83,1
DA:84,1
DA:85,1
DA:86,1
DA:87,3
DA:88,3
DA:89,3
DA:90,3
DA:91,3
DA:92,3
DA:93,3
DA:94,1
DA:95,1
DA:96,1
DA:97,1
DA:98,1
DA:99,1
DA:100,1
DA:101,1
DA:102,1
DA:103,1
DA:104,3
DA:105,3
DA:106,3
DA:107,3
DA:108,3
DA:109,3
DA:110,1
DA:111,1
DA:112,1
DA:113,1
DA:114,1
DA:115,1
DA:116,1
DA:117,1
DA:118,1
DA:119,1
DA:120,3
LF:120
LH:120
BRDA:29,0,0,3
BRDA:30,1,0,3
BRDA:40,2,0,1
BRDA:58,3,0,1
BRDA:76,4,0,1
BRDA:93,5,0,1
BRDA:109,6,0,1
BRF:7
BRH:7
end_of_record
TN:
SF:src/product/presentation/controllers/Product_Options.controller.ts
FN:33,<instance_members_initializer>
FN:34,ProductOptionsController
FN:42,create_option
FN:64,update_option
FN:85,delete_option
FN:103,create_image
FNF:6
FNH:6
FNDA:3,<instance_members_initializer>
FNDA:3,ProductOptionsController
FNDA:1,create_option
FNDA:1,update_option
FNDA:1,delete_option
FNDA:1,create_image
DA:1,1
DA:2,1
DA:3,1
DA:4,1
DA:5,1
DA:6,1
DA:7,1
DA:8,1
DA:9,1
DA:10,1
DA:11,1
DA:12,1
DA:13,1
DA:14,1
DA:15,1
DA:16,1
DA:17,1
DA:18,1
DA:19,1
DA:20,1
DA:21,1
DA:22,1
DA:23,1
DA:24,1
DA:25,1
DA:26,1
DA:27,1
DA:28,1
DA:29,1
DA:30,1
DA:31,1
DA:32,1
DA:33,1
DA:34,3
DA:35,3
DA:36,3
DA:37,3
DA:38,3
DA:39,3
DA:40,3
DA:41,3
DA:42,3
DA:43,1
DA:44,1
DA:45,1
DA:46,1
DA:47,1
DA:48,1
DA:49,1
DA:50,1
DA:51,1
DA:52,1
DA:53,1
DA:54,1
DA:55,1
DA:56,3
DA:57,3
DA:58,3
DA:59,3
DA:60,3
DA:61,3
DA:62,3
DA:63,3
DA:64,3
DA:65,1
DA:66,1
DA:67,1
DA:68,1
DA:69,1
DA:70,1
DA:71,1
DA:72,1
DA:73,1
DA:74,1
DA:75,1
DA:76,1
DA:77,1
DA:78,3
DA:79,3
DA:80,3
DA:81,3
DA:82,3
DA:83,3
DA:84,3
DA:85,3
DA:86,1
DA:87,1
DA:88,1
DA:89,1
DA:90,1
DA:91,1
DA:92,1
DA:93,1
DA:94,1
DA:95,1
DA:96,3
DA:97,3
DA:98,3
DA:99,3
DA:100,3
DA:101,3
DA:102,3
DA:103,3
DA:104,1
DA:105,1
DA:106,1
DA:107,1
DA:108,1
DA:109,1
DA:110,1
DA:111,1
DA:112,1
DA:113,1
DA:114,1
DA:115,1
DA:116,1
DA:117,3
LF:117
LH:117
BRDA:33,0,0,3
BRDA:34,1,0,3
BRDA:42,2,0,1
BRDA:64,3,0,1
BRDA:85,4,0,1
BRDA:103,5,0,1
BRF:6
BRH:6
end_of_record
TN:
SF:src/product/presentation/controllers/index.ts
FN:1,get
FN:2,get
FNF:2
FNH:2
FNDA:3,get
FNDA:3,get
DA:1,1
DA:2,1
LF:2
LH:2
BRDA:1,0,0,3
BRDA:2,1,0,3
BRF:2
BRH:2
end_of_record
TN:
SF:src/product/presentation/dto/index.ts
FN:3,get
FN:4,get
FN:6,get
FN:7,get
FN:9,get
FN:11,get
FN:12,get
FN:13,get
FN:14,get
FN:15,get
FN:16,get
FN:17,get
FN:18,get
FN:20,get
FN:21,get
FNF:15
FNH:9
FNDA:6,get
FNDA:3,get
FNDA:3,get
FNDA:3,get
FNDA:3,get
FNDA:0,get
FNDA:3,get
FNDA:0,get
FNDA:6,get
FNDA:0,get
FNDA:0,get
FNDA:0,get
FNDA:0,get
FNDA:6,get
FNDA:3,get
DA:1,1
DA:2,1
DA:3,1
DA:4,1
DA:5,1
DA:6,1
DA:7,1
DA:8,1
DA:9,1
DA:10,1
DA:11,1
DA:12,1
DA:13,1
DA:14,1
DA:15,1
DA:16,1
DA:17,1
DA:18,1
DA:19,1
DA:20,1
DA:21,1
LF:21
LH:21
BRDA:3,0,0,6
BRDA:4,1,0,3
BRDA:6,2,0,3
BRDA:7,3,0,3
BRDA:9,4,0,3
BRDA:12,5,0,3
BRDA:14,6,0,6
BRDA:20,7,0,6
BRDA:21,8,0,3
BRF:9
BRH:9
end_of_record
TN:
SF:src/review/application/command/Edit.command.ts
FN:3,<instance_members_initializer>
FN:4,EditCommand
FNF:2
FNH:2
FNDA:3,<instance_members_initializer>
FNDA:3,EditCommand
DA:1,1
DA:2,1
DA:3,1
DA:4,3
DA:5,3
DA:6,3
DA:7,3
DA:8,3
LF:8
LH:8
BRDA:3,0,0,3
BRDA:4,1,0,3
BRF:2
BRH:2
end_of_record
TN:
SF:src/review/application/command/Edit.handler.ts
FN:11,<instance_members_initializer>
FN:12,EditHandler
FN:20,execute
FNF:3
FNH:3
FNDA:3,<instance_members_initializer>
FNDA:3,EditHandler
FNDA:2,execute
DA:1,1
DA:2,1
DA:3,1
DA:4,1
DA:5,1
DA:6,1
DA:7,1
DA:8,1
DA:9,1
DA:10,1
DA:11,1
DA:12,3
DA:13,3
DA:14,3
DA:15,3
DA:16,3
DA:17,3
DA:18,3
DA:19,3
DA:20,3
DA:21,2
DA:22,2
DA:23,2
DA:24,2
DA:25,1
DA:26,1
DA:27,1
DA:28,1
DA:29,1
DA:30,1
DA:31,1
DA:32,1
DA:33,1
DA:34,1
DA:35,1
DA:36,2
DA:37,1
DA:38,1
DA:39,1
DA:40,1
DA:41,1
DA:42,2
DA:43,1
DA:44,1
DA:45,1
DA:46,1
DA:47,2
DA:48,1
DA:49,1
DA:50,1
DA:51,1
DA:52,3
LF:52
LH:52
BRDA:11,0,0,3
BRDA:12,1,0,3
BRDA:20,2,0,2
BRDA:37,3,0,1
BRDA:42,4,0,1
BRDA:48,5,0,1
BRDA:21,6,0,2
BRDA:24,7,0,1
BRF:8
BRH:8
end_of_record
TN:
SF:src/review/application/command/Register.command.ts
FN:3,<instance_members_initializer>
FN:4,RegisterCommand
FNF:2
FNH:2
FNDA:3,<instance_members_initializer>
FNDA:3,RegisterCommand
DA:1,1
DA:2,1
DA:3,1
DA:4,3
DA:5,3
DA:6,3
DA:7,3
DA:8,3
LF:8
LH:8
BRDA:3,0,0,3
BRDA:4,1,0,3
BRF:2
BRH:2
end_of_record
TN:
SF:src/review/application/command/Register.handler.ts
FN:11,<instance_members_initializer>
FN:12,RegisterHandler
FN:20,execute
FNF:3
FNH:3
FNDA:3,<instance_members_initializer>
FNDA:3,RegisterHandler
FNDA:1,execute
DA:1,1
DA:2,1
DA:3,1
DA:4,1
DA:5,1
DA:6,1
DA:7,1
DA:8,1
DA:9,1
DA:10,1
DA:11,1
DA:12,3
DA:13,3
DA:14,3
DA:15,3
DA:16,3
DA:17,3
DA:18,3
DA:19,3
DA:20,3
DA:21,1
DA:22,1
DA:23,1
DA:24,1
DA:25,1
DA:26,1
DA:27,1
DA:28,1
DA:29,1
DA:30,1
DA:31,1
DA:32,1
DA:33,1
DA:34,1
DA:35,1
DA:36,1
DA:37,1
DA:38,1
DA:39,1
DA:40,1
DA:41,1
DA:42,1
DA:43,1
DA:44,3
LF:44
LH:44
BRDA:11,0,0,3
BRDA:12,1,0,3
BRDA:20,2,0,1
BRDA:21,3,0,1
BRF:4
BRH:4
end_of_record
TN:
SF:src/review/application/command/Remove.command.ts
FN:1,<instance_members_initializer>
FN:2,RemoveCommand
FNF:2
FNH:2
FNDA:3,<instance_members_initializer>
FNDA:3,RemoveCommand
DA:1,1
DA:2,3
DA:3,3
LF:3
LH:3
BRDA:1,0,0,3
BRDA:2,1,0,3
BRF:2
BRH:2
end_of_record
TN:
SF:src/review/application/command/Remove.handler.ts
FN:9,<instance_members_initializer>
FN:10,RemoveHandler
FN:15,execute
FNF:3
FNH:3
FNDA:3,<instance_members_initializer>
FNDA:3,RemoveHandler
FNDA:2,execute
DA:1,1
DA:2,1
DA:3,1
DA:4,1
DA:5,1
DA:6,1
DA:7,1
DA:8,1
DA:9,1
DA:10,3
DA:11,3
DA:12,3
DA:13,3
DA:14,3
DA:15,3
DA:16,2
DA:17,2
DA:18,2
DA:19,1
DA:20,1
DA:21,1
DA:22,1
DA:23,1
DA:24,2
DA:25,3
LF:25
LH:25
BRDA:9,0,0,3
BRDA:10,1,0,3
BRDA:15,2,0,2
BRDA:18,3,0,1
BRF:4
BRH:4
end_of_record
TN:
SF:src/review/application/command/index.ts
FN:1,get
FN:2,get
FN:3,get
FN:4,get
FN:5,get
FN:6,get
FNF:6
FNH:6
FNDA:3,get
FNDA:3,get
FNDA:3,get
FNDA:3,get
FNDA:3,get
FNDA:3,get
DA:1,1
DA:2,1
DA:3,1
DA:4,1
DA:5,1
DA:6,1
LF:6
LH:6
BRDA:1,0,0,3
BRDA:2,1,0,3
BRDA:3,2,0,3
BRDA:4,3,0,3
BRDA:5,4,0,3
BRDA:6,5,0,3
BRF:6
BRH:6
end_of_record
TN:
SF:src/review/application/query/Find.handler.ts
FN:9,<instance_members_initializer>
FN:10,FindHandler
FN:15,execute
FNF:3
FNH:3
FNDA:3,<instance_members_initializer>
FNDA:3,FindHandler
FNDA:1,execute
DA:1,1
DA:2,1
DA:3,1
DA:4,1
DA:5,1
DA:6,1
DA:7,1
DA:8,1
DA:9,1
DA:10,3
DA:11,3
DA:12,3
DA:13,3
DA:14,3
DA:15,3
DA:16,1
DA:17,1
DA:18,1
DA:19,1
DA:20,1
DA:21,1
DA:22,1
DA:23,1
DA:24,1
DA:25,1
DA:26,1
DA:27,1
DA:28,1
DA:29,1
DA:30,1
DA:31,1
DA:32,1
DA:33,1
DA:34,1
DA:35,1
DA:36,1
DA:37,1
DA:38,1
DA:39,1
DA:40,1
DA:41,1
DA:42,1
DA:43,1
DA:44,1
DA:45,1
DA:46,1
DA:47,1
DA:48,1
DA:49,1
DA:50,1
DA:51,1
DA:52,1
DA:53,3
LF:53
LH:53
BRDA:9,0,0,3
BRDA:10,1,0,3
BRDA:15,2,0,1
BRDA:16,3,0,0
BRDA:31,4,0,0
BRDA:31,5,0,2
BRDA:31,6,0,2
BRDA:34,7,0,2
BRDA:35,8,0,2
BRDA:36,9,0,2
BRDA:37,10,0,2
BRDA:38,11,0,2
BRF:12
BRH:10
end_of_record
TN:
SF:src/review/application/query/Find.query.ts
FN:3,<instance_members_initializer>
FN:4,FindQuery
FNF:2
FNH:2
FNDA:3,<instance_members_initializer>
FNDA:3,FindQuery
DA:1,1
DA:2,1
DA:3,1
DA:4,3
DA:5,3
DA:6,3
DA:7,3
DA:8,3
LF:8
LH:8
BRDA:3,0,0,3
BRDA:4,1,0,3
BRF:2
BRH:2
end_of_record
TN:
SF:src/review/application/query/index.ts
FN:1,get
FN:2,get
FNF:2
FNH:2
FNDA:3,get
FNDA:3,get
DA:1,1
DA:2,1
LF:2
LH:2
BRDA:1,0,0,3
BRDA:2,1,0,3
BRF:2
BRH:2
end_of_record
TN:
SF:src/review/infrastructure/rdb/entities/Review.entity.ts
FN:15,<instance_members_initializer>
FN:19,Object.<anonymous>.__decorate.onDelete
FN:23,Object.<anonymous>.__decorate.onDelete
FNF:3
FNH:3
FNDA:3,<instance_members_initializer>
FNDA:3,Object.<anonymous>.__decorate.onDelete
FNDA:3,Object.<anonymous>.__decorate.onDelete
DA:1,1
DA:2,1
DA:3,1
DA:4,1
DA:5,1
DA:6,1
DA:7,1
DA:8,1
DA:9,1
DA:10,1
DA:11,1
DA:12,1
DA:13,1
DA:14,1
DA:15,1
DA:16,3
DA:17,3
DA:18,3
DA:19,3
DA:20,3
DA:21,3
DA:22,3
DA:23,3
DA:24,3
DA:25,3
DA:26,3
DA:27,3
DA:28,3
DA:29,3
DA:30,3
DA:31,3
DA:32,3
DA:33,3
DA:34,3
DA:35,3
DA:36,3
DA:37,3
DA:38,3
DA:39,3
DA:40,3
DA:41,3
DA:42,3
DA:43,3
DA:44,3
DA:45,3
DA:46,3
DA:47,3
LF:47
LH:47
BRDA:15,0,0,3
BRDA:19,1,0,3
BRDA:23,2,0,3
BRF:3
BRH:3
end_of_record
TN:
SF:src/review/infrastructure/rdb/entities/User.entity.ts
FN:4,<instance_members_initializer>
FN:17,default
FNF:2
FNH:1
FNDA:3,<instance_members_initializer>
FNDA:0,default
DA:1,1
DA:2,1
DA:3,1
DA:4,1
DA:5,3
DA:6,3
DA:7,3
DA:8,3
DA:9,3
DA:10,3
DA:11,3
DA:12,3
DA:13,3
DA:14,3
DA:15,3
DA:16,3
DA:17,3
DA:18,3
DA:19,3
LF:19
LH:19
BRDA:4,0,0,3
BRF:1
BRH:1
end_of_record
TN:
SF:src/review/infrastructure/rdb/entities/index.ts
FN:1,get
FN:2,get
FNF:2
FNH:2
FNDA:9,get
FNDA:9,get
DA:1,1
DA:2,1
LF:2
LH:2
BRDA:1,0,0,9
BRDA:2,1,0,9
BRF:2
BRH:2
end_of_record
TN:
SF:src/review/infrastructure/rdb/repositories/index.ts
FN:1,get
FNF:1
FNH:1
FNDA:3,get
DA:1,1
LF:1
LH:1
BRDA:1,0,0,3
BRF:1
BRH:1
end_of_record
TN:
SF:src/review/infrastructure/rdb/repositories/provider.ts
FNF:0
FNH:0
DA:1,1
DA:2,1
DA:3,1
DA:4,1
DA:5,1
DA:6,1
DA:7,1
LF:7
LH:7
BRF:0
BRH:0
end_of_record
TN:
SF:src/review/presentation/controllers/Review.controller.ts
FN:30,<instance_members_initializer>
FN:31,ReviewController
FN:41,read
FN:61,create
FN:81,update
FN:100,delete
FNF:6
FNH:6
FNDA:3,<instance_members_initializer>
FNDA:3,ReviewController
FNDA:1,read
FNDA:1,create
FNDA:1,update
FNDA:1,delete
DA:1,1
DA:2,1
DA:3,1
DA:4,1
DA:5,1
DA:6,1
DA:7,1
DA:8,1
DA:9,1
DA:10,1
DA:11,1
DA:12,1
DA:13,1
DA:14,1
DA:15,1
DA:16,1
DA:17,1
DA:18,1
DA:19,1
DA:20,1
DA:21,1
DA:22,1
DA:23,1
DA:24,1
DA:25,1
DA:26,1
DA:27,1
DA:28,1
DA:29,1
DA:30,1
DA:31,3
DA:32,3
DA:33,3
DA:34,3
DA:35,3
DA:36,3
DA:37,3
DA:38,3
DA:39,3
DA:40,3
DA:41,3
DA:42,1
DA:43,1
DA:44,1
DA:45,1
DA:46,1
DA:47,1
DA:48,1
DA:49,1
DA:50,1
DA:51,1
DA:52,1
DA:53,1
DA:54,1
DA:55,3
DA:56,3
DA:57,3
DA:58,3
DA:59,3
DA:60,3
DA:61,3
DA:62,1
DA:63,1
DA:64,1
DA:65,1
DA:66,1
DA:67,1
DA:68,1
DA:69,1
DA:70,1
DA:71,1
DA:72,1
DA:73,1
DA:74,1
DA:75,3
DA:76,3
DA:77,3
DA:78,3
DA:79,3
DA:80,3
DA:81,3
DA:82,1
DA:83,1
DA:84,1
DA:85,1
DA:86,1
DA:87,1
DA:88,1
DA:89,1
DA:90,1
DA:91,1
DA:92,1
DA:93,1
DA:94,1
DA:95,3
DA:96,3
DA:97,3
DA:98,3
DA:99,3
DA:100,3
DA:101,1
DA:102,1
DA:103,1
DA:104,1
DA:105,1
DA:106,1
DA:107,1
DA:108,1
DA:109,1
DA:110,1
DA:111,3
LF:111
LH:111
BRDA:30,0,0,3
BRDA:31,1,0,3
BRDA:41,2,0,1
BRDA:61,3,0,1
BRDA:81,4,0,1
BRDA:100,5,0,1
BRF:6
BRH:6
end_of_record
TN:
SF:src/review/presentation/controllers/index.ts
FN:1,get
FNF:1
FNH:1
FNDA:3,get
DA:1,1
LF:1
LH:1
BRDA:1,0,0,3
BRF:1
BRH:1
end_of_record
TN:
SF:src/review/presentation/dto/index.ts
FN:3,get
FN:4,get
FN:5,get
FN:7,get
FN:8,get
FN:9,get
FNF:6
FNH:5
FNDA:3,get
FNDA:6,get
FNDA:3,get
FNDA:3,get
FNDA:3,get
FNDA:0,get
DA:1,1
DA:2,1
DA:3,1
DA:4,1
DA:5,1
DA:6,1
DA:7,1
DA:8,1
DA:9,1
LF:9
LH:9
BRDA:3,0,0,3
BRDA:4,1,0,6
BRDA:5,2,0,3
BRDA:7,3,0,3
BRDA:8,4,0,3
BRF:5
BRH:5
end_of_record
TN:
SF:src/shared/dto/index.ts
FN:1,get
FN:2,get
FN:3,get
FN:3,get
FN:4,get
FNF:5
FNH:4
FNDA:0,get
FNDA:18,get
FNDA:9,get
FNDA:27,get
FNDA:135,get
DA:1,1
DA:2,1
DA:3,1
DA:4,1
DA:5,1
LF:5
LH:5
BRDA:2,0,0,18
BRDA:3,1,0,9
BRDA:3,2,0,27
BRDA:4,3,0,135
BRF:4
BRH:4
end_of_record
TN:
SF:src/shared/mappers/index.ts
FN:1,get
FNF:1
FNH:1
FNDA:2,get
DA:1,1
LF:1
LH:1
BRDA:1,0,0,2
BRF:1
BRH:1
end_of_record
TN:
SF:src/shared/mappers/to_FilterDTO.ts
FN:13,to_FilterDTO
FNF:1
FNH:1
FNDA:2,to_FilterDTO
DA:1,1
DA:2,1
DA:3,1
DA:4,1
DA:5,1
DA:6,1
DA:7,1
DA:8,1
DA:9,1
DA:10,1
DA:11,1
DA:12,1
DA:13,2
DA:14,2
DA:15,2
DA:16,2
DA:17,4
DA:18,4
DA:19,4
DA:20,4
DA:21,2
DA:22,2
LF:22
LH:22
BRDA:13,0,0,2
BRDA:16,1,0,4
BRDA:17,2,0,0
BRF:3
BRH:2
end_of_record
TN:
SF:src/shared/repositories/base.repository.mixin.ts
FN:6,with_transaction
FNF:1
FNH:0
FNDA:0,with_transaction
DA:1,1
DA:2,1
DA:3,1
DA:4,1
DA:5,1
DA:6,1
DA:7,0
DA:8,1
DA:9,1
DA:10,1
DA:11,1
LF:11
LH:10
BRF:0
BRH:0
end_of_record
TN:
SF:src/shared/repositories/createRepositoryProvider.ts
FN:8,createRepositoryProvider
FN:16,useFactory
FNF:2
FNH:2
FNDA:42,createRepositoryProvider
FNDA:42,useFactory
DA:1,1
DA:2,1
DA:3,1
DA:4,1
DA:5,1
DA:6,1
DA:7,1
DA:8,42
DA:9,42
DA:10,42
DA:11,42
DA:12,42
DA:13,42
DA:14,42
DA:15,42
DA:16,42
DA:17,42
DA:18,42
DA:19,42
DA:20,42
DA:21,42
DA:22,42
LF:22
LH:22
BRDA:8,0,0,42
BRDA:16,1,0,42
BRDA:20,2,0,39
BRF:3
BRH:3
end_of_record
TN:
SF:src/shared/repositories/index.ts
FN:1,get
FN:2,get
FNF:2
FNH:1
FNDA:0,get
FNDA:42,get
DA:1,1
DA:2,1
DA:3,1
DA:4,1
DA:5,1
LF:5
LH:5
BRDA:2,0,0,42
BRF:1
BRH:1
end_of_record
TN:
SF:src/utility/extractDTOExample.ts
FN:3,extractDTOExample
FN:46,getModelProperties
FN:52,isFunction
FN:54,isString
FNF:4
FNH:4
FNDA:159,extractDTOExample
FNDA:156,getModelProperties
FNDA:801,isFunction
FNDA:801,isString
DA:1,1
DA:2,1
DA:3,159
DA:4,159
DA:5,159
DA:6,159
DA:7,159
DA:8,3
DA:9,3
DA:10,156
DA:11,156
DA:12,156
DA:13,156
DA:14,156
DA:15,159
DA:16,801
DA:17,801
DA:18,801
DA:19,801
DA:20,801
DA:21,801
DA:22,801
DA:23,801
DA:24,801
DA:25,801
DA:26,801
DA:27,801
DA:28,801
DA:29,801
DA:30,801
DA:31,681
DA:32,681
DA:33,681
DA:34,120
DA:35,120
DA:36,120
DA:37,801
DA:38,801
DA:39,3
DA:40,3
DA:41,801
DA:42,156
DA:43,156
DA:44,156
DA:45,1
DA:46,156
DA:47,156
DA:48,156
DA:49,156
DA:50,156
DA:51,156
DA:52,156
DA:53,156
DA:54,156
DA:55,156
DA:56,156
DA:57,156
DA:58,156
DA:59,156
DA:60,156
LF:60
LH:60
BRDA:3,0,0,159
BRDA:7,1,0,3
BRDA:10,2,0,156
BRDA:15,3,0,801
BRDA:26,4,0,0
BRDA:30,5,0,681
BRDA:34,6,0,120
BRDA:37,7,0,33
BRDA:37,8,0,84
BRDA:38,9,0,3
BRDA:39,10,0,0
BRDA:39,11,0,0
BRDA:42,12,0,156
BRDA:46,13,0,156
BRDA:50,14,0,0
BRDA:52,15,0,801
BRDA:54,16,0,801
BRDA:58,17,0,801
BRDA:59,18,0,801
BRF:19
BRH:15
end_of_record
